---------------------------------------------------------------
[ 2018-07-23T17:57:30+08:00 ] 127.0.0.1 GET /admin/promote/Customertabs/newCustomer?sort=id&order=desc&offset=0&limit=10&filter=%7B%7D&op=%7B%7D&_=1532339836621
[ info ] acyd.com/admin/promote/Customertabs/newCustomer?sort=id&order=desc&offset=0&limit=10&filter=%7B%7D&op=%7B%7D&_=1532339836621 [运行时间：0.766961s][吞吐率：1.30req/s] [内存消耗：3,231.09kb] [文件加载：86]
[ info ] [ BEHAVIOR ] Run Closure @app_init [ RunTime:0.000018s ]
[ info ] [ CACHE ] INIT File
[ info ] [ BEHAVIOR ] Run Closure @app_init [ RunTime:0.002372s ]
[ info ] [ LANG ] D:\phpStudy\PHPTutorial\WWW\crm.aicheyide.com\thinkphp\lang\zh-cn.php
[ info ] [ ROUTE ] array (
  'type' => 'module',
  'module' => 
  array (
    0 => 'admin',
    1 => 'promote.Customertabs',
    2 => 'newCustomer',
  ),
)
[ info ] [ HEADER ] array (
  'cookie' => 'PHPSESSID=2ga0svrgeuvdccnd1o1pai8fu0; Hm_lvt_f8d0a8c400404989e195270b0bbf060a=1532338317; Hm_lpvt_f8d0a8c400404989e195270b0bbf060a=1532338317',
  'accept-language' => 'zh-CN,zh;q=0.9',
  'accept-encoding' => 'gzip, deflate',
  'referer' => 'http://acyd.com/admin/promote/customertabs?addtabs=1',
  'content-type' => 'application/json',
  'user-agent' => 'Mozilla/5.0 (Windows NT 10.0; WOW64) AppleWebKit/537.36 (KHTML, like Gecko) Chrome/67.0.3396.99 Safari/537.36',
  'x-requested-with' => 'XMLHttpRequest',
  'accept' => 'application/json, text/javascript, */*; q=0.01',
  'connection' => 'close',
  'host' => 'acyd.com',
)
[ info ] [ PARAM ] array (
  'sort' => 'id',
  'order' => 'desc',
  'offset' => '0',
  'limit' => '10',
  'filter' => '{}',
  'op' => '{}',
  '_' => '1532339836621',
)
[ info ] [ LANG ] D:\phpStudy\PHPTutorial\WWW\crm.aicheyide.com\public/../application/admin\lang\zh-cn.php
[ info ] [ BEHAVIOR ] Run app\common\behavior\Common @module_init [ RunTime:0.000430s ]
[ info ] [ SESSION ] INIT array (
  'id' => '',
  'var_session_id' => '',
  'prefix' => 'think',
  'type' => '',
  'auto_start' => true,
)
[ info ] [ DB ] INIT mysql
[ info ] [ BEHAVIOR ] Run \addons\upyun\Upyun @upload_config_init [ RunTime:0.000586s ]
[ info ] [ LANG ] D:\phpStudy\PHPTutorial\WWW\crm.aicheyide.com\public/../application/admin/lang/zh-cn/promote/customertabs.php
[ info ] [ RUN ] app\admin\controller\promote\Customertabs->newCustomer[ D:\phpStudy\PHPTutorial\WWW\crm.aicheyide.com\application\admin\controller\promote\Customertabs.php ]
[ info ] [ BEHAVIOR ] Run app\admin\behavior\AdminLog @app_end [ RunTime:0.001401s ]
[ info ] [ LOG ] INIT File
[ sql ] [ DB ] CONNECT:[ UseTime:0.108742s ] mysql:host=120.78.135.109;dbname=crm;charset=utf8
[ sql ] [ SQL ] SHOW COLUMNS FROM `crm_auth_group_access` [ RunTime:0.072231s ]
[ sql ] [ SQL ] SELECT `aga`.`uid`,`aga`.`group_id`,`ag`.`id`,`ag`.`pid`,`ag`.`name`,`ag`.`rules` FROM `crm_auth_group_access` `aga` LEFT JOIN `crm_auth_group` `ag` ON `aga`.`group_id`=`ag`.`id` WHERE  (  aga.uid='12' and ag.status='normal' ) [ RunTime:0.072011s ]
[ sql ] [ SQL ] SHOW COLUMNS FROM `crm_auth_rule` [ RunTime:0.072219s ]
[ sql ] [ SQL ] SELECT `id`,`pid`,`condition`,`icon`,`name`,`title`,`ismenu` FROM `crm_auth_rule` WHERE  `status` = 'normal' [ RunTime:0.105091s ]
[ sql ] [ SQL ] SHOW COLUMNS FROM `crm_customer_resource` [ RunTime:0.072144s ]
[ sql ] [ SQL ] SHOW COLUMNS FROM `crm_platform` [ RunTime:0.071849s ]
[ sql ] [ SQL ] SELECT COUNT(*) AS tp_count FROM `crm_customer_resource` `customer_resource` LEFT JOIN `crm_platform` `platform` ON `customer_resource`.`platform_id`=`platform`.`id` WHERE  `backoffice_id` IS NULL ORDER BY `customer_resource`.`id` DESC LIMIT 1 [ RunTime:0.071230s ]
[ sql ] [ SQL ] SELECT `customer_resource`.`id`,`customer_resource`.`platform_id`,`customer_resource`.`backoffice_id`,`customer_resource`.`sales_id`,`customer_resource`.`username`,`customer_resource`.`phone`,`customer_resource`.`age`,`customer_resource`.`genderdata`,`customer_resource`.`createtime`,`customer_resource`.`updatetime`,`customer_resource`.`allocationtime`,`customer_resource`.`feedtime`,`customer_resource`.`feedback`,`customer_resource`.`note`,`customer_resource`.`distributinternaltime`,`customer_resource`.`distributsaletime`,`customer_resource`.`feedbacktime`,platform.id AS platform__id,platform.name AS platform__name,platform.status AS platform__status,platform.createtime AS platform__createtime,platform.updatetime AS platform__updatetime FROM `crm_customer_resource` `customer_resource` LEFT JOIN `crm_platform` `platform` ON `customer_resource`.`platform_id`=`platform`.`id` WHERE  `backoffice_id` IS NULL ORDER BY `customer_resource`.`id` DESC LIMIT 0,10 [ RunTime:0.072545s ]
---------------------------------------------------------------
[ 2018-07-23T17:57:32+08:00 ] 127.0.0.1 GET /admin/promote/customertabs/import?dialog=1
[ info ] acyd.com/admin/promote/customertabs/import?dialog=1 [运行时间：0.592580s][吞吐率：1.69req/s] [内存消耗：3,256.48kb] [文件加载：81]
[ info ] [ BEHAVIOR ] Run Closure @app_init [ RunTime:0.000107s ]
[ info ] [ CACHE ] INIT File
[ info ] [ BEHAVIOR ] Run Closure @app_init [ RunTime:0.002529s ]
[ info ] [ LANG ] D:\phpStudy\PHPTutorial\WWW\crm.aicheyide.com\thinkphp\lang\zh-cn.php
[ info ] [ ROUTE ] array (
  'type' => 'module',
  'module' => 
  array (
    0 => 'admin',
    1 => 'promote.customertabs',
    2 => 'import',
  ),
)
[ info ] [ HEADER ] array (
  'cookie' => 'PHPSESSID=2ga0svrgeuvdccnd1o1pai8fu0; Hm_lvt_f8d0a8c400404989e195270b0bbf060a=1532338317; Hm_lpvt_f8d0a8c400404989e195270b0bbf060a=1532338317',
  'accept-language' => 'zh-CN,zh;q=0.9',
  'accept-encoding' => 'gzip, deflate',
  'referer' => 'http://acyd.com/admin/promote/customertabs?addtabs=1',
  'accept' => 'text/html,application/xhtml+xml,application/xml;q=0.9,image/webp,image/apng,*/*;q=0.8',
  'user-agent' => 'Mozilla/5.0 (Windows NT 10.0; WOW64) AppleWebKit/537.36 (KHTML, like Gecko) Chrome/67.0.3396.99 Safari/537.36',
  'upgrade-insecure-requests' => '1',
  'connection' => 'close',
  'host' => 'acyd.com',
)
[ info ] [ PARAM ] array (
  'dialog' => '1',
)
[ info ] [ LANG ] D:\phpStudy\PHPTutorial\WWW\crm.aicheyide.com\public/../application/admin\lang\zh-cn.php
[ info ] [ BEHAVIOR ] Run app\common\behavior\Common @module_init [ RunTime:0.000352s ]
[ info ] [ SESSION ] INIT array (
  'id' => '',
  'var_session_id' => '',
  'prefix' => 'think',
  'type' => '',
  'auto_start' => true,
)
[ info ] [ DB ] INIT mysql
[ info ] [ BEHAVIOR ] Run \addons\upyun\Upyun @upload_config_init [ RunTime:0.000532s ]
[ info ] [ LANG ] D:\phpStudy\PHPTutorial\WWW\crm.aicheyide.com\public/../application/admin/lang/zh-cn/promote/customertabs.php
[ info ] [ RUN ] app\admin\controller\promote\Customertabs->import[ D:\phpStudy\PHPTutorial\WWW\crm.aicheyide.com\application\admin\controller\promote\Customertabs.php ]
[ info ] [ VIEW ] D:\phpStudy\PHPTutorial\WWW\crm.aicheyide.com\public/../application/admin\view\promote\customertabs\import.html [ array (
  0 => 'breadcrumb',
  1 => 'site',
  2 => 'config',
  3 => 'auth',
  4 => 'admin',
) ]
[ info ] [ BEHAVIOR ] Run app\admin\behavior\AdminLog @app_end [ RunTime:0.000261s ]
[ info ] [ LOG ] INIT File
[ sql ] [ DB ] CONNECT:[ UseTime:0.134351s ] mysql:host=120.78.135.109;dbname=crm;charset=utf8
[ sql ] [ SQL ] SHOW COLUMNS FROM `crm_auth_group_access` [ RunTime:0.088077s ]
[ sql ] [ SQL ] SELECT `aga`.`uid`,`aga`.`group_id`,`ag`.`id`,`ag`.`pid`,`ag`.`name`,`ag`.`rules` FROM `crm_auth_group_access` `aga` LEFT JOIN `crm_auth_group` `ag` ON `aga`.`group_id`=`ag`.`id` WHERE  (  aga.uid='12' and ag.status='normal' ) [ RunTime:0.088058s ]
[ sql ] [ SQL ] SHOW COLUMNS FROM `crm_auth_rule` [ RunTime:0.087747s ]
[ sql ] [ SQL ] SELECT `id`,`pid`,`condition`,`icon`,`name`,`title`,`ismenu` FROM `crm_auth_rule` WHERE  `status` = 'normal' [ RunTime:0.132238s ]
---------------------------------------------------------------
[ 2018-07-23T17:57:32+08:00 ] 127.0.0.1 GET /admin/ajax/lang?callback=define&controllername=promote.customertabs&v=1532339851
[ info ] acyd.com/admin/ajax/lang?callback=define&controllername=promote.customertabs&v=1532339851 [运行时间：0.025625s][吞吐率：39.02req/s] [内存消耗：2,329.30kb] [文件加载：73]
[ info ] [ BEHAVIOR ] Run Closure @app_init [ RunTime:0.000017s ]
[ info ] [ CACHE ] INIT File
[ info ] [ BEHAVIOR ] Run Closure @app_init [ RunTime:0.002046s ]
[ info ] [ LANG ] D:\phpStudy\PHPTutorial\WWW\crm.aicheyide.com\thinkphp\lang\zh-cn.php
[ info ] [ ROUTE ] array (
  'type' => 'module',
  'module' => 
  array (
    0 => 'admin',
    1 => 'ajax',
    2 => 'lang',
  ),
)
[ info ] [ HEADER ] array (
  'cookie' => 'PHPSESSID=2ga0svrgeuvdccnd1o1pai8fu0; Hm_lvt_f8d0a8c400404989e195270b0bbf060a=1532338317; Hm_lpvt_f8d0a8c400404989e195270b0bbf060a=1532338317',
  'accept-language' => 'zh-CN,zh;q=0.9',
  'accept-encoding' => 'gzip, deflate',
  'referer' => 'http://acyd.com/admin/promote/customertabs/import?dialog=1',
  'accept' => '*/*',
  'user-agent' => 'Mozilla/5.0 (Windows NT 10.0; WOW64) AppleWebKit/537.36 (KHTML, like Gecko) Chrome/67.0.3396.99 Safari/537.36',
  'connection' => 'close',
  'host' => 'acyd.com',
)
[ info ] [ PARAM ] array (
  'callback' => 'define',
  'controllername' => 'promote.customertabs',
  'v' => '1532339851',
)
[ info ] [ LANG ] D:\phpStudy\PHPTutorial\WWW\crm.aicheyide.com\public/../application/admin\lang\zh-cn.php
[ info ] [ BEHAVIOR ] Run app\common\behavior\Common @module_init [ RunTime:0.000367s ]
[ info ] [ SESSION ] INIT array (
  'id' => '',
  'var_session_id' => '',
  'prefix' => 'think',
  'type' => '',
  'auto_start' => true,
)
[ info ] [ BEHAVIOR ] Run \addons\upyun\Upyun @upload_config_init [ RunTime:0.001011s ]
[ info ] [ LANG ] D:\phpStudy\PHPTutorial\WWW\crm.aicheyide.com\public/../application/admin/lang/zh-cn/ajax.php
[ info ] [ RUN ] app\admin\controller\Ajax->lang[ D:\phpStudy\PHPTutorial\WWW\crm.aicheyide.com\application\admin\controller\Ajax.php ]
[ info ] [ LANG ] D:\phpStudy\PHPTutorial\WWW\crm.aicheyide.com\public/../application/admin/lang/zh-cn/promote/customertabs.php
[ info ] [ BEHAVIOR ] Run app\admin\behavior\AdminLog @app_end [ RunTime:0.000244s ]
[ info ] [ LOG ] INIT File
---------------------------------------------------------------
[ 2018-07-23T17:57:33+08:00 ] 127.0.0.1 GET /admin/promote/customertabs/download
[ info ] acyd.com/admin/promote/customertabs/download [运行时间：0.577256s][吞吐率：1.73req/s] [内存消耗：5,829.29kb] [文件加载：142]
[ info ] [ BEHAVIOR ] Run Closure @app_init [ RunTime:0.000014s ]
[ info ] [ CACHE ] INIT File
[ info ] [ BEHAVIOR ] Run Closure @app_init [ RunTime:0.002044s ]
[ info ] [ LANG ] D:\phpStudy\PHPTutorial\WWW\crm.aicheyide.com\thinkphp\lang\zh-cn.php
[ info ] [ ROUTE ] array (
  'type' => 'module',
  'module' => 
  array (
    0 => 'admin',
    1 => 'promote.customertabs',
    2 => 'download',
  ),
)
[ info ] [ HEADER ] array (
  'cookie' => 'PHPSESSID=2ga0svrgeuvdccnd1o1pai8fu0; Hm_lvt_f8d0a8c400404989e195270b0bbf060a=1532338317; Hm_lpvt_f8d0a8c400404989e195270b0bbf060a=1532338317',
  'accept-language' => 'zh-CN,zh;q=0.9',
  'accept-encoding' => 'gzip, deflate',
  'referer' => 'http://acyd.com/admin/promote/customertabs/import?dialog=1',
  'accept' => 'text/html,application/xhtml+xml,application/xml;q=0.9,image/webp,image/apng,*/*;q=0.8',
  'user-agent' => 'Mozilla/5.0 (Windows NT 10.0; WOW64) AppleWebKit/537.36 (KHTML, like Gecko) Chrome/67.0.3396.99 Safari/537.36',
  'upgrade-insecure-requests' => '1',
  'connection' => 'close',
  'host' => 'acyd.com',
)
[ info ] [ PARAM ] array (
)
[ info ] [ LANG ] D:\phpStudy\PHPTutorial\WWW\crm.aicheyide.com\public/../application/admin\lang\zh-cn.php
[ info ] [ BEHAVIOR ] Run app\common\behavior\Common @module_init [ RunTime:0.000570s ]
[ info ] [ SESSION ] INIT array (
  'id' => '',
  'var_session_id' => '',
  'prefix' => 'think',
  'type' => '',
  'auto_start' => true,
)
[ info ] [ DB ] INIT mysql
[ info ] [ BEHAVIOR ] Run \addons\upyun\Upyun @upload_config_init [ RunTime:0.000542s ]
[ info ] [ LANG ] D:\phpStudy\PHPTutorial\WWW\crm.aicheyide.com\public/../application/admin/lang/zh-cn/promote/customertabs.php
[ info ] [ RUN ] app\admin\controller\promote\Customertabs->download[ D:\phpStudy\PHPTutorial\WWW\crm.aicheyide.com\application\admin\controller\promote\Customertabs.php ]
[ info ] [ VIEW ] D:\phpStudy\PHPTutorial\WWW\crm.aicheyide.com\public/../application/common\view\tpl\dispatch_jump.tpl [ array (
  0 => 'breadcrumb',
  1 => 'site',
  2 => 'config',
  3 => 'auth',
  4 => 'admin',
  5 => 'code',
  6 => 'msg',
  7 => 'data',
  8 => 'url',
  9 => 'wait',
) ]
[ info ] [ BEHAVIOR ] Run app\admin\behavior\AdminLog @app_end [ RunTime:0.000256s ]
[ info ] [ LOG ] INIT File
[ sql ] [ DB ] CONNECT:[ UseTime:0.117328s ] mysql:host=120.78.135.109;dbname=crm;charset=utf8
[ sql ] [ SQL ] SHOW COLUMNS FROM `crm_auth_group_access` [ RunTime:0.075242s ]
[ sql ] [ SQL ] SELECT `aga`.`uid`,`aga`.`group_id`,`ag`.`id`,`ag`.`pid`,`ag`.`name`,`ag`.`rules` FROM `crm_auth_group_access` `aga` LEFT JOIN `crm_auth_group` `ag` ON `aga`.`group_id`=`ag`.`id` WHERE  (  aga.uid='12' and ag.status='normal' ) [ RunTime:0.074954s ]
[ sql ] [ SQL ] SHOW COLUMNS FROM `crm_auth_rule` [ RunTime:0.075143s ]
[ sql ] [ SQL ] SELECT `id`,`pid`,`condition`,`icon`,`name`,`title`,`ismenu` FROM `crm_auth_rule` WHERE  `status` = 'normal' [ RunTime:0.113135s ]
---------------------------------------------------------------
[ 2018-07-23T17:57:40+08:00 ] 127.0.0.1 GET /admin/promote/Customertabs/newCustomer?sort=id&order=desc&offset=0&limit=10&filter=%7B%7D&op=%7B%7D&_=1532339836622
[ info ] acyd.com/admin/promote/Customertabs/newCustomer?sort=id&order=desc&offset=0&limit=10&filter=%7B%7D&op=%7B%7D&_=1532339836622 [运行时间：0.916934s][吞吐率：1.09req/s] [内存消耗：3,230.90kb] [文件加载：86]
[ info ] [ BEHAVIOR ] Run Closure @app_init [ RunTime:0.000028s ]
[ info ] [ CACHE ] INIT File
[ info ] [ BEHAVIOR ] Run Closure @app_init [ RunTime:0.003739s ]
[ info ] [ LANG ] D:\phpStudy\PHPTutorial\WWW\crm.aicheyide.com\thinkphp\lang\zh-cn.php
[ info ] [ ROUTE ] array (
  'type' => 'module',
  'module' => 
  array (
    0 => 'admin',
    1 => 'promote.Customertabs',
    2 => 'newCustomer',
  ),
)
[ info ] [ HEADER ] array (
  'cookie' => 'PHPSESSID=2ga0svrgeuvdccnd1o1pai8fu0; Hm_lvt_f8d0a8c400404989e195270b0bbf060a=1532338317; Hm_lpvt_f8d0a8c400404989e195270b0bbf060a=1532338317',
  'accept-language' => 'zh-CN,zh;q=0.9',
  'accept-encoding' => 'gzip, deflate',
  'referer' => 'http://acyd.com/admin/promote/customertabs?addtabs=1',
  'content-type' => 'application/json',
  'user-agent' => 'Mozilla/5.0 (Windows NT 10.0; WOW64) AppleWebKit/537.36 (KHTML, like Gecko) Chrome/67.0.3396.99 Safari/537.36',
  'x-requested-with' => 'XMLHttpRequest',
  'accept' => 'application/json, text/javascript, */*; q=0.01',
  'connection' => 'close',
  'host' => 'acyd.com',
)
[ info ] [ PARAM ] array (
  'sort' => 'id',
  'order' => 'desc',
  'offset' => '0',
  'limit' => '10',
  'filter' => '{}',
  'op' => '{}',
  '_' => '1532339836622',
)
[ info ] [ LANG ] D:\phpStudy\PHPTutorial\WWW\crm.aicheyide.com\public/../application/admin\lang\zh-cn.php
[ info ] [ BEHAVIOR ] Run app\common\behavior\Common @module_init [ RunTime:0.000387s ]
[ info ] [ SESSION ] INIT array (
  'id' => '',
  'var_session_id' => '',
  'prefix' => 'think',
  'type' => '',
  'auto_start' => true,
)
[ info ] [ DB ] INIT mysql
[ info ] [ BEHAVIOR ] Run \addons\upyun\Upyun @upload_config_init [ RunTime:0.001607s ]
[ info ] [ LANG ] D:\phpStudy\PHPTutorial\WWW\crm.aicheyide.com\public/../application/admin/lang/zh-cn/promote/customertabs.php
[ info ] [ RUN ] app\admin\controller\promote\Customertabs->newCustomer[ D:\phpStudy\PHPTutorial\WWW\crm.aicheyide.com\application\admin\controller\promote\Customertabs.php ]
[ info ] [ BEHAVIOR ] Run app\admin\behavior\AdminLog @app_end [ RunTime:0.000135s ]
[ info ] [ LOG ] INIT File
[ sql ] [ DB ] CONNECT:[ UseTime:0.131699s ] mysql:host=120.78.135.109;dbname=crm;charset=utf8
[ sql ] [ SQL ] SHOW COLUMNS FROM `crm_auth_group_access` [ RunTime:0.087159s ]
[ sql ] [ SQL ] SELECT `aga`.`uid`,`aga`.`group_id`,`ag`.`id`,`ag`.`pid`,`ag`.`name`,`ag`.`rules` FROM `crm_auth_group_access` `aga` LEFT JOIN `crm_auth_group` `ag` ON `aga`.`group_id`=`ag`.`id` WHERE  (  aga.uid='12' and ag.status='normal' ) [ RunTime:0.086293s ]
[ sql ] [ SQL ] SHOW COLUMNS FROM `crm_auth_rule` [ RunTime:0.086148s ]
[ sql ] [ SQL ] SELECT `id`,`pid`,`condition`,`icon`,`name`,`title`,`ismenu` FROM `crm_auth_rule` WHERE  `status` = 'normal' [ RunTime:0.128639s ]
[ sql ] [ SQL ] SHOW COLUMNS FROM `crm_customer_resource` [ RunTime:0.086378s ]
[ sql ] [ SQL ] SHOW COLUMNS FROM `crm_platform` [ RunTime:0.085139s ]
[ sql ] [ SQL ] SELECT COUNT(*) AS tp_count FROM `crm_customer_resource` `customer_resource` LEFT JOIN `crm_platform` `platform` ON `customer_resource`.`platform_id`=`platform`.`id` WHERE  `backoffice_id` IS NULL ORDER BY `customer_resource`.`id` DESC LIMIT 1 [ RunTime:0.085863s ]
[ sql ] [ SQL ] SELECT `customer_resource`.`id`,`customer_resource`.`platform_id`,`customer_resource`.`backoffice_id`,`customer_resource`.`sales_id`,`customer_resource`.`username`,`customer_resource`.`phone`,`customer_resource`.`age`,`customer_resource`.`genderdata`,`customer_resource`.`createtime`,`customer_resource`.`updatetime`,`customer_resource`.`allocationtime`,`customer_resource`.`feedtime`,`customer_resource`.`feedback`,`customer_resource`.`note`,`customer_resource`.`distributinternaltime`,`customer_resource`.`distributsaletime`,`customer_resource`.`feedbacktime`,platform.id AS platform__id,platform.name AS platform__name,platform.status AS platform__status,platform.createtime AS platform__createtime,platform.updatetime AS platform__updatetime FROM `crm_customer_resource` `customer_resource` LEFT JOIN `crm_platform` `platform` ON `customer_resource`.`platform_id`=`platform`.`id` WHERE  `backoffice_id` IS NULL ORDER BY `customer_resource`.`id` DESC LIMIT 0,10 [ RunTime:0.086450s ]
---------------------------------------------------------------
[ 2018-07-23T17:57:42+08:00 ] 127.0.0.1 GET /admin/promote/customertabs?ref=addtabs
[ info ] acyd.com/admin/promote/customertabs?ref=addtabs [运行时间：0.552043s][吞吐率：1.81req/s] [内存消耗：2,823.66kb] [文件加载：75]
[ info ] [ BEHAVIOR ] Run Closure @app_init [ RunTime:0.000017s ]
[ info ] [ CACHE ] INIT File
[ info ] [ BEHAVIOR ] Run Closure @app_init [ RunTime:0.004057s ]
[ info ] [ LANG ] D:\phpStudy\PHPTutorial\WWW\crm.aicheyide.com\thinkphp\lang\zh-cn.php
[ info ] [ ROUTE ] array (
  'type' => 'module',
  'module' => 
  array (
    0 => 'admin',
    1 => 'promote.customertabs',
    2 => NULL,
  ),
)
[ info ] [ HEADER ] array (
  'cookie' => 'PHPSESSID=2ga0svrgeuvdccnd1o1pai8fu0; Hm_lvt_f8d0a8c400404989e195270b0bbf060a=1532338317; Hm_lpvt_f8d0a8c400404989e195270b0bbf060a=1532338317',
  'accept-language' => 'zh-CN,zh;q=0.9',
  'accept-encoding' => 'gzip, deflate',
  'accept' => 'text/html,application/xhtml+xml,application/xml;q=0.9,image/webp,image/apng,*/*;q=0.8',
  'user-agent' => 'Mozilla/5.0 (Windows NT 10.0; WOW64) AppleWebKit/537.36 (KHTML, like Gecko) Chrome/67.0.3396.99 Safari/537.36',
  'upgrade-insecure-requests' => '1',
  'cache-control' => 'max-age=0',
  'connection' => 'close',
  'host' => 'acyd.com',
)
[ info ] [ PARAM ] array (
  'ref' => 'addtabs',
)
[ info ] [ LANG ] D:\phpStudy\PHPTutorial\WWW\crm.aicheyide.com\public/../application/admin\lang\zh-cn.php
[ info ] [ BEHAVIOR ] Run app\common\behavior\Common @module_init [ RunTime:0.000669s ]
[ info ] [ SESSION ] INIT array (
  'id' => '',
  'var_session_id' => '',
  'prefix' => 'think',
  'type' => '',
  'auto_start' => true,
)
[ info ] [ DB ] INIT mysql
[ info ] [ BEHAVIOR ] Run app\admin\behavior\AdminLog @app_end [ RunTime:0.000622s ]
[ info ] [ LOG ] INIT File
[ sql ] [ DB ] CONNECT:[ UseTime:0.130290s ] mysql:host=120.78.135.109;dbname=crm;charset=utf8
[ sql ] [ SQL ] SHOW COLUMNS FROM `crm_auth_group_access` [ RunTime:0.084102s ]
[ sql ] [ SQL ] SELECT `aga`.`uid`,`aga`.`group_id`,`ag`.`id`,`ag`.`pid`,`ag`.`name`,`ag`.`rules` FROM `crm_auth_group_access` `aga` LEFT JOIN `crm_auth_group` `ag` ON `aga`.`group_id`=`ag`.`id` WHERE  (  aga.uid='12' and ag.status='normal' ) [ RunTime:0.083744s ]
[ sql ] [ SQL ] SHOW COLUMNS FROM `crm_auth_rule` [ RunTime:0.084264s ]
[ sql ] [ SQL ] SELECT `id`,`pid`,`condition`,`icon`,`name`,`title`,`ismenu` FROM `crm_auth_rule` WHERE  `status` = 'normal' [ RunTime:0.126083s ]
---------------------------------------------------------------
[ 2018-07-23T17:57:43+08:00 ] 127.0.0.1 GET /admin/index/index
[ info ] acyd.com/admin/index/index [运行时间：0.530260s][吞吐率：1.89req/s] [内存消耗：3,388.45kb] [文件加载：92]
[ info ] [ BEHAVIOR ] Run Closure @app_init [ RunTime:0.000017s ]
[ info ] [ CACHE ] INIT File
[ info ] [ BEHAVIOR ] Run Closure @app_init [ RunTime:0.002529s ]
[ info ] [ LANG ] D:\phpStudy\PHPTutorial\WWW\crm.aicheyide.com\thinkphp\lang\zh-cn.php
[ info ] [ ROUTE ] array (
  'type' => 'module',
  'module' => 
  array (
    0 => 'admin',
    1 => 'index',
    2 => 'index',
  ),
)
[ info ] [ HEADER ] array (
  'cookie' => 'PHPSESSID=2ga0svrgeuvdccnd1o1pai8fu0; Hm_lvt_f8d0a8c400404989e195270b0bbf060a=1532338317; Hm_lpvt_f8d0a8c400404989e195270b0bbf060a=1532338317',
  'accept-language' => 'zh-CN,zh;q=0.9',
  'accept-encoding' => 'gzip, deflate',
  'accept' => 'text/html,application/xhtml+xml,application/xml;q=0.9,image/webp,image/apng,*/*;q=0.8',
  'user-agent' => 'Mozilla/5.0 (Windows NT 10.0; WOW64) AppleWebKit/537.36 (KHTML, like Gecko) Chrome/67.0.3396.99 Safari/537.36',
  'upgrade-insecure-requests' => '1',
  'cache-control' => 'max-age=0',
  'connection' => 'close',
  'host' => 'acyd.com',
)
[ info ] [ PARAM ] array (
)
[ info ] [ LANG ] D:\phpStudy\PHPTutorial\WWW\crm.aicheyide.com\public/../application/admin\lang\zh-cn.php
[ info ] [ BEHAVIOR ] Run app\common\behavior\Common @module_init [ RunTime:0.000356s ]
[ info ] [ SESSION ] INIT array (
  'id' => '',
  'var_session_id' => '',
  'prefix' => 'think',
  'type' => '',
  'auto_start' => true,
)
[ info ] [ BEHAVIOR ] Run \addons\upyun\Upyun @upload_config_init [ RunTime:0.000521s ]
[ info ] [ LANG ] D:\phpStudy\PHPTutorial\WWW\crm.aicheyide.com\public/../application/admin/lang/zh-cn/index.php
[ info ] [ RUN ] app\admin\controller\Index->index[ D:\phpStudy\PHPTutorial\WWW\crm.aicheyide.com\application\admin\controller\Index.php ]
[ info ] [ DB ] INIT mysql
[ info ] [ VIEW ] D:\phpStudy\PHPTutorial\WWW\crm.aicheyide.com\public/../application/admin\view\index\index.html [ array (
  0 => 'breadcrumb',
  1 => 'site',
  2 => 'config',
  3 => 'auth',
  4 => 'admin',
  5 => 'menulist',
  6 => 'navlist',
  7 => 'title',
) ]
[ info ] [ BEHAVIOR ] Run app\admin\behavior\AdminLog @app_end [ RunTime:0.000136s ]
[ info ] [ LOG ] INIT File
[ sql ] [ DB ] CONNECT:[ UseTime:0.114373s ] mysql:host=120.78.135.109;dbname=crm;charset=utf8
[ sql ] [ SQL ] SHOW COLUMNS FROM `crm_auth_group_access` [ RunTime:0.073068s ]
[ sql ] [ SQL ] SELECT `aga`.`uid`,`aga`.`group_id`,`ag`.`id`,`ag`.`pid`,`ag`.`name`,`ag`.`rules` FROM `crm_auth_group_access` `aga` LEFT JOIN `crm_auth_group` `ag` ON `aga`.`group_id`=`ag`.`id` WHERE  (  aga.uid='12' and ag.status='normal' ) [ RunTime:0.074834s ]
[ sql ] [ SQL ] SHOW COLUMNS FROM `crm_auth_rule` [ RunTime:0.074107s ]
[ sql ] [ SQL ] SELECT `id`,`pid`,`condition`,`icon`,`name`,`title`,`ismenu` FROM `crm_auth_rule` WHERE  `status` = 'normal' [ RunTime:0.111864s ]
---------------------------------------------------------------
[ 2018-07-23T17:57:43+08:00 ] 127.0.0.1 GET /admin/ajax/lang?callback=define&controllername=index&v=1532339862
[ info ] acyd.com/admin/ajax/lang?callback=define&controllername=index&v=1532339862 [运行时间：0.027474s][吞吐率：36.40req/s] [内存消耗：2,332.48kb] [文件加载：73]
[ info ] [ BEHAVIOR ] Run Closure @app_init [ RunTime:0.000015s ]
[ info ] [ CACHE ] INIT File
[ info ] [ BEHAVIOR ] Run Closure @app_init [ RunTime:0.002397s ]
[ info ] [ LANG ] D:\phpStudy\PHPTutorial\WWW\crm.aicheyide.com\thinkphp\lang\zh-cn.php
[ info ] [ ROUTE ] array (
  'type' => 'module',
  'module' => 
  array (
    0 => 'admin',
    1 => 'ajax',
    2 => 'lang',
  ),
)
[ info ] [ HEADER ] array (
  'cookie' => 'PHPSESSID=2ga0svrgeuvdccnd1o1pai8fu0; Hm_lvt_f8d0a8c400404989e195270b0bbf060a=1532338317; Hm_lpvt_f8d0a8c400404989e195270b0bbf060a=1532338317',
  'accept-language' => 'zh-CN,zh;q=0.9',
  'accept-encoding' => 'gzip, deflate',
  'referer' => 'http://acyd.com/admin/index/index',
  'accept' => '*/*',
  'user-agent' => 'Mozilla/5.0 (Windows NT 10.0; WOW64) AppleWebKit/537.36 (KHTML, like Gecko) Chrome/67.0.3396.99 Safari/537.36',
  'connection' => 'close',
  'host' => 'acyd.com',
)
[ info ] [ PARAM ] array (
  'callback' => 'define',
  'controllername' => 'index',
  'v' => '1532339862',
)
[ info ] [ LANG ] D:\phpStudy\PHPTutorial\WWW\crm.aicheyide.com\public/../application/admin\lang\zh-cn.php
[ info ] [ BEHAVIOR ] Run app\common\behavior\Common @module_init [ RunTime:0.000428s ]
[ info ] [ SESSION ] INIT array (
  'id' => '',
  'var_session_id' => '',
  'prefix' => 'think',
  'type' => '',
  'auto_start' => true,
)
[ info ] [ BEHAVIOR ] Run \addons\upyun\Upyun @upload_config_init [ RunTime:0.001017s ]
[ info ] [ LANG ] D:\phpStudy\PHPTutorial\WWW\crm.aicheyide.com\public/../application/admin/lang/zh-cn/ajax.php
[ info ] [ RUN ] app\admin\controller\Ajax->lang[ D:\phpStudy\PHPTutorial\WWW\crm.aicheyide.com\application\admin\controller\Ajax.php ]
[ info ] [ LANG ] D:\phpStudy\PHPTutorial\WWW\crm.aicheyide.com\public/../application/admin/lang/zh-cn/index.php
[ info ] [ BEHAVIOR ] Run app\admin\behavior\AdminLog @app_end [ RunTime:0.000123s ]
[ info ] [ LOG ] INIT File
---------------------------------------------------------------
[ 2018-07-23T17:57:44+08:00 ] 127.0.0.1 GET /admin/dashboard?addtabs=1
[ info ] acyd.com/admin/dashboard?addtabs=1 [运行时间：0.655744s][吞吐率：1.52req/s] [内存消耗：3,204.03kb] [文件加载：82]
[ info ] [ BEHAVIOR ] Run Closure @app_init [ RunTime:0.000017s ]
[ info ] [ CACHE ] INIT File
[ info ] [ BEHAVIOR ] Run Closure @app_init [ RunTime:0.004757s ]
[ info ] [ LANG ] D:\phpStudy\PHPTutorial\WWW\crm.aicheyide.com\thinkphp\lang\zh-cn.php
[ info ] [ ROUTE ] array (
  'type' => 'module',
  'module' => 
  array (
    0 => 'admin',
    1 => 'dashboard',
    2 => NULL,
  ),
)
[ info ] [ HEADER ] array (
  'cookie' => 'PHPSESSID=2ga0svrgeuvdccnd1o1pai8fu0; Hm_lvt_f8d0a8c400404989e195270b0bbf060a=1532338317; Hm_lpvt_f8d0a8c400404989e195270b0bbf060a=1532338317',
  'accept-language' => 'zh-CN,zh;q=0.9',
  'accept-encoding' => 'gzip, deflate',
  'referer' => 'http://acyd.com/admin/dashboard?ref=addtabs',
  'accept' => 'text/html,application/xhtml+xml,application/xml;q=0.9,image/webp,image/apng,*/*;q=0.8',
  'user-agent' => 'Mozilla/5.0 (Windows NT 10.0; WOW64) AppleWebKit/537.36 (KHTML, like Gecko) Chrome/67.0.3396.99 Safari/537.36',
  'upgrade-insecure-requests' => '1',
  'connection' => 'close',
  'host' => 'acyd.com',
)
[ info ] [ PARAM ] array (
  'addtabs' => '1',
)
[ info ] [ LANG ] D:\phpStudy\PHPTutorial\WWW\crm.aicheyide.com\public/../application/admin\lang\zh-cn.php
[ info ] [ BEHAVIOR ] Run app\common\behavior\Common @module_init [ RunTime:0.000490s ]
[ info ] [ SESSION ] INIT array (
  'id' => '',
  'var_session_id' => '',
  'prefix' => 'think',
  'type' => '',
  'auto_start' => true,
)
[ info ] [ DB ] INIT mysql
[ info ] [ BEHAVIOR ] Run \addons\upyun\Upyun @upload_config_init [ RunTime:0.000531s ]
[ info ] [ LANG ] D:\phpStudy\PHPTutorial\WWW\crm.aicheyide.com\public/../application/admin/lang/zh-cn/dashboard.php
[ info ] [ RUN ] app\admin\controller\Dashboard->index[ D:\phpStudy\PHPTutorial\WWW\crm.aicheyide.com\application\admin\controller\Dashboard.php ]
[ info ] [ VIEW ] D:\phpStudy\PHPTutorial\WWW\crm.aicheyide.com\public/../application/admin\view\dashboard\index.html [ array (
  0 => 'breadcrumb',
  1 => 'site',
  2 => 'config',
  3 => 'auth',
  4 => 'admin',
  5 => 'totaluser',
  6 => 'totalviews',
  7 => 'totalorder',
  8 => 'totalorderamount',
  9 => 'todayuserlogin',
  10 => 'todayusersignup',
  11 => 'todayorder',
  12 => 'unsettleorder',
  13 => 'sevendnu',
  14 => 'sevendau',
  15 => 'paylist',
  16 => 'createlist',
  17 => 'addonversion',
  18 => 'uploadmode',
) ]
[ info ] [ BEHAVIOR ] Run app\admin\behavior\AdminLog @app_end [ RunTime:0.000153s ]
[ info ] [ LOG ] INIT File
[ sql ] [ DB ] CONNECT:[ UseTime:0.133695s ] mysql:host=120.78.135.109;dbname=crm;charset=utf8
[ sql ] [ SQL ] SHOW COLUMNS FROM `crm_auth_group_access` [ RunTime:0.087339s ]
[ sql ] [ SQL ] SELECT `aga`.`uid`,`aga`.`group_id`,`ag`.`id`,`ag`.`pid`,`ag`.`name`,`ag`.`rules` FROM `crm_auth_group_access` `aga` LEFT JOIN `crm_auth_group` `ag` ON `aga`.`group_id`=`ag`.`id` WHERE  (  aga.uid='12' and ag.status='normal' ) [ RunTime:0.086830s ]
[ sql ] [ SQL ] SHOW COLUMNS FROM `crm_auth_rule` [ RunTime:0.087017s ]
[ sql ] [ SQL ] SELECT `id`,`pid`,`condition`,`icon`,`name`,`title`,`ismenu` FROM `crm_auth_rule` WHERE  `status` = 'normal' [ RunTime:0.130453s ]
[ sql ] [ SQL ] SELECT `title`,`remark` FROM `crm_auth_rule` WHERE  `name` = 'dashboard' LIMIT 1 [ RunTime:0.086051s ]
---------------------------------------------------------------
[ 2018-07-23T17:57:44+08:00 ] 127.0.0.1 GET /admin/promote/customertabs?addtabs=1
[ info ] acyd.com/admin/promote/customertabs?addtabs=1 [运行时间：1.145161s][吞吐率：0.87req/s] [内存消耗：3,134.80kb] [文件加载：80]
[ info ] [ BEHAVIOR ] Run Closure @app_init [ RunTime:0.000021s ]
[ info ] [ CACHE ] INIT File
[ info ] [ BEHAVIOR ] Run Closure @app_init [ RunTime:0.003668s ]
[ info ] [ LANG ] D:\phpStudy\PHPTutorial\WWW\crm.aicheyide.com\thinkphp\lang\zh-cn.php
[ info ] [ ROUTE ] array (
  'type' => 'module',
  'module' => 
  array (
    0 => 'admin',
    1 => 'promote.customertabs',
    2 => NULL,
  ),
)
[ info ] [ HEADER ] array (
  'cookie' => 'PHPSESSID=2ga0svrgeuvdccnd1o1pai8fu0; Hm_lvt_f8d0a8c400404989e195270b0bbf060a=1532338317; Hm_lpvt_f8d0a8c400404989e195270b0bbf060a=1532338317',
  'accept-language' => 'zh-CN,zh;q=0.9',
  'accept-encoding' => 'gzip, deflate',
  'referer' => 'http://acyd.com/admin/promote/customertabs?ref=addtabs',
  'accept' => 'text/html,application/xhtml+xml,application/xml;q=0.9,image/webp,image/apng,*/*;q=0.8',
  'user-agent' => 'Mozilla/5.0 (Windows NT 10.0; WOW64) AppleWebKit/537.36 (KHTML, like Gecko) Chrome/67.0.3396.99 Safari/537.36',
  'upgrade-insecure-requests' => '1',
  'connection' => 'close',
  'host' => 'acyd.com',
)
[ info ] [ PARAM ] array (
  'addtabs' => '1',
)
[ info ] [ LANG ] D:\phpStudy\PHPTutorial\WWW\crm.aicheyide.com\public/../application/admin\lang\zh-cn.php
[ info ] [ BEHAVIOR ] Run app\common\behavior\Common @module_init [ RunTime:0.000699s ]
[ info ] [ SESSION ] INIT array (
  'id' => '',
  'var_session_id' => '',
  'prefix' => 'think',
  'type' => '',
  'auto_start' => true,
)
[ info ] [ DB ] INIT mysql
[ info ] [ BEHAVIOR ] Run \addons\upyun\Upyun @upload_config_init [ RunTime:0.000591s ]
[ info ] [ LANG ] D:\phpStudy\PHPTutorial\WWW\crm.aicheyide.com\public/../application/admin/lang/zh-cn/promote/customertabs.php
[ info ] [ RUN ] app\admin\controller\promote\Customertabs->index[ D:\phpStudy\PHPTutorial\WWW\crm.aicheyide.com\application\admin\controller\promote\Customertabs.php ]
[ info ] [ LANG ] D:\phpStudy\PHPTutorial\WWW\crm.aicheyide.com\public/../application/admin/lang/zh-cn/customer/customerresource.php
[ info ] [ VIEW ] D:\phpStudy\PHPTutorial\WWW\crm.aicheyide.com\public/../application/admin\view\promote\customertabs\index.html [ array (
  0 => 'breadcrumb',
  1 => 'site',
  2 => 'config',
  3 => 'auth',
  4 => 'admin',
) ]
[ info ] [ BEHAVIOR ] Run app\admin\behavior\AdminLog @app_end [ RunTime:0.000274s ]
[ info ] [ LOG ] INIT File
[ sql ] [ DB ] CONNECT:[ UseTime:0.121943s ] mysql:host=120.78.135.109;dbname=crm;charset=utf8
[ sql ] [ SQL ] SHOW COLUMNS FROM `crm_auth_group_access` [ RunTime:0.080492s ]
[ sql ] [ SQL ] SELECT `aga`.`uid`,`aga`.`group_id`,`ag`.`id`,`ag`.`pid`,`ag`.`name`,`ag`.`rules` FROM `crm_auth_group_access` `aga` LEFT JOIN `crm_auth_group` `ag` ON `aga`.`group_id`=`ag`.`id` WHERE  (  aga.uid='12' and ag.status='normal' ) [ RunTime:0.079333s ]
[ sql ] [ SQL ] SHOW COLUMNS FROM `crm_auth_rule` [ RunTime:0.079482s ]
[ sql ] [ SQL ] SELECT `id`,`pid`,`condition`,`icon`,`name`,`title`,`ismenu` FROM `crm_auth_rule` WHERE  `status` = 'normal' [ RunTime:0.117613s ]
---------------------------------------------------------------
[ 2018-07-23T17:57:44+08:00 ] 127.0.0.1 GET /admin/ajax/lang?callback=define&controllername=dashboard&v=1532339863
[ info ] acyd.com/admin/ajax/lang?callback=define&controllername=dashboard&v=1532339863 [运行时间：0.423852s][吞吐率：2.36req/s] [内存消耗：2,330.93kb] [文件加载：73]
[ info ] [ BEHAVIOR ] Run Closure @app_init [ RunTime:0.000022s ]
[ info ] [ CACHE ] INIT File
[ info ] [ BEHAVIOR ] Run Closure @app_init [ RunTime:0.003011s ]
[ info ] [ LANG ] D:\phpStudy\PHPTutorial\WWW\crm.aicheyide.com\thinkphp\lang\zh-cn.php
[ info ] [ ROUTE ] array (
  'type' => 'module',
  'module' => 
  array (
    0 => 'admin',
    1 => 'ajax',
    2 => 'lang',
  ),
)
[ info ] [ HEADER ] array (
  'cookie' => 'PHPSESSID=2ga0svrgeuvdccnd1o1pai8fu0; Hm_lvt_f8d0a8c400404989e195270b0bbf060a=1532338317; Hm_lpvt_f8d0a8c400404989e195270b0bbf060a=1532338317',
  'accept-language' => 'zh-CN,zh;q=0.9',
  'accept-encoding' => 'gzip, deflate',
  'referer' => 'http://acyd.com/admin/dashboard?addtabs=1',
  'accept' => '*/*',
  'user-agent' => 'Mozilla/5.0 (Windows NT 10.0; WOW64) AppleWebKit/537.36 (KHTML, like Gecko) Chrome/67.0.3396.99 Safari/537.36',
  'connection' => 'close',
  'host' => 'acyd.com',
)
[ info ] [ PARAM ] array (
  'callback' => 'define',
  'controllername' => 'dashboard',
  'v' => '1532339863',
)
[ info ] [ LANG ] D:\phpStudy\PHPTutorial\WWW\crm.aicheyide.com\public/../application/admin\lang\zh-cn.php
[ info ] [ BEHAVIOR ] Run app\common\behavior\Common @module_init [ RunTime:0.000478s ]
[ info ] [ SESSION ] INIT array (
  'id' => '',
  'var_session_id' => '',
  'prefix' => 'think',
  'type' => '',
  'auto_start' => true,
)
[ info ] [ BEHAVIOR ] Run \addons\upyun\Upyun @upload_config_init [ RunTime:0.397645s ]
[ info ] [ LANG ] D:\phpStudy\PHPTutorial\WWW\crm.aicheyide.com\public/../application/admin/lang/zh-cn/ajax.php
[ info ] [ RUN ] app\admin\controller\Ajax->lang[ D:\phpStudy\PHPTutorial\WWW\crm.aicheyide.com\application\admin\controller\Ajax.php ]
[ info ] [ LANG ] D:\phpStudy\PHPTutorial\WWW\crm.aicheyide.com\public/../application/admin/lang/zh-cn/dashboard.php
[ info ] [ BEHAVIOR ] Run app\admin\behavior\AdminLog @app_end [ RunTime:0.000134s ]
[ info ] [ LOG ] INIT File
---------------------------------------------------------------
[ 2018-07-23T17:57:44+08:00 ] 127.0.0.1 GET /admin/ajax/lang?callback=define&controllername=promote.customertabs&v=1532339863
[ info ] acyd.com/admin/ajax/lang?callback=define&controllername=promote.customertabs&v=1532339863 [运行时间：0.030396s][吞吐率：32.90req/s] [内存消耗：2,329.30kb] [文件加载：73]
[ info ] [ BEHAVIOR ] Run Closure @app_init [ RunTime:0.000019s ]
[ info ] [ CACHE ] INIT File
[ info ] [ BEHAVIOR ] Run Closure @app_init [ RunTime:0.004283s ]
[ info ] [ LANG ] D:\phpStudy\PHPTutorial\WWW\crm.aicheyide.com\thinkphp\lang\zh-cn.php
[ info ] [ ROUTE ] array (
  'type' => 'module',
  'module' => 
  array (
    0 => 'admin',
    1 => 'ajax',
    2 => 'lang',
  ),
)
[ info ] [ HEADER ] array (
  'cookie' => 'PHPSESSID=2ga0svrgeuvdccnd1o1pai8fu0; Hm_lvt_f8d0a8c400404989e195270b0bbf060a=1532338317; Hm_lpvt_f8d0a8c400404989e195270b0bbf060a=1532338317',
  'accept-language' => 'zh-CN,zh;q=0.9',
  'accept-encoding' => 'gzip, deflate',
  'referer' => 'http://acyd.com/admin/promote/customertabs?addtabs=1',
  'accept' => '*/*',
  'user-agent' => 'Mozilla/5.0 (Windows NT 10.0; WOW64) AppleWebKit/537.36 (KHTML, like Gecko) Chrome/67.0.3396.99 Safari/537.36',
  'connection' => 'close',
  'host' => 'acyd.com',
)
[ info ] [ PARAM ] array (
  'callback' => 'define',
  'controllername' => 'promote.customertabs',
  'v' => '1532339863',
)
[ info ] [ LANG ] D:\phpStudy\PHPTutorial\WWW\crm.aicheyide.com\public/../application/admin\lang\zh-cn.php
[ info ] [ BEHAVIOR ] Run app\common\behavior\Common @module_init [ RunTime:0.000371s ]
[ info ] [ SESSION ] INIT array (
  'id' => '',
  'var_session_id' => '',
  'prefix' => 'think',
  'type' => '',
  'auto_start' => true,
)
[ info ] [ BEHAVIOR ] Run \addons\upyun\Upyun @upload_config_init [ RunTime:0.001072s ]
[ info ] [ LANG ] D:\phpStudy\PHPTutorial\WWW\crm.aicheyide.com\public/../application/admin/lang/zh-cn/ajax.php
[ info ] [ RUN ] app\admin\controller\Ajax->lang[ D:\phpStudy\PHPTutorial\WWW\crm.aicheyide.com\application\admin\controller\Ajax.php ]
[ info ] [ LANG ] D:\phpStudy\PHPTutorial\WWW\crm.aicheyide.com\public/../application/admin/lang/zh-cn/promote/customertabs.php
[ info ] [ BEHAVIOR ] Run app\admin\behavior\AdminLog @app_end [ RunTime:0.000133s ]
[ info ] [ LOG ] INIT File
---------------------------------------------------------------
[ 2018-07-23T17:57:45+08:00 ] 127.0.0.1 GET /admin/promote/Customertabs/newCustomer?sort=id&order=desc&offset=0&limit=10&filter=%7B%7D&op=%7B%7D&_=1532339864741
[ info ] acyd.com/admin/promote/Customertabs/newCustomer?sort=id&order=desc&offset=0&limit=10&filter=%7B%7D&op=%7B%7D&_=1532339864741 [运行时间：0.827256s][吞吐率：1.21req/s] [内存消耗：3,230.90kb] [文件加载：86]
[ info ] [ BEHAVIOR ] Run Closure @app_init [ RunTime:0.000024s ]
[ info ] [ CACHE ] INIT File
[ info ] [ BEHAVIOR ] Run Closure @app_init [ RunTime:0.003367s ]
[ info ] [ LANG ] D:\phpStudy\PHPTutorial\WWW\crm.aicheyide.com\thinkphp\lang\zh-cn.php
[ info ] [ ROUTE ] array (
  'type' => 'module',
  'module' => 
  array (
    0 => 'admin',
    1 => 'promote.Customertabs',
    2 => 'newCustomer',
  ),
)
[ info ] [ HEADER ] array (
  'cookie' => 'PHPSESSID=2ga0svrgeuvdccnd1o1pai8fu0; Hm_lvt_f8d0a8c400404989e195270b0bbf060a=1532338317; Hm_lpvt_f8d0a8c400404989e195270b0bbf060a=1532338317',
  'accept-language' => 'zh-CN,zh;q=0.9',
  'accept-encoding' => 'gzip, deflate',
  'referer' => 'http://acyd.com/admin/promote/customertabs?addtabs=1',
  'content-type' => 'application/json',
  'user-agent' => 'Mozilla/5.0 (Windows NT 10.0; WOW64) AppleWebKit/537.36 (KHTML, like Gecko) Chrome/67.0.3396.99 Safari/537.36',
  'x-requested-with' => 'XMLHttpRequest',
  'accept' => 'application/json, text/javascript, */*; q=0.01',
  'connection' => 'close',
  'host' => 'acyd.com',
)
[ info ] [ PARAM ] array (
  'sort' => 'id',
  'order' => 'desc',
  'offset' => '0',
  'limit' => '10',
  'filter' => '{}',
  'op' => '{}',
  '_' => '1532339864741',
)
[ info ] [ LANG ] D:\phpStudy\PHPTutorial\WWW\crm.aicheyide.com\public/../application/admin\lang\zh-cn.php
[ info ] [ BEHAVIOR ] Run app\common\behavior\Common @module_init [ RunTime:0.000375s ]
[ info ] [ SESSION ] INIT array (
  'id' => '',
  'var_session_id' => '',
  'prefix' => 'think',
  'type' => '',
  'auto_start' => true,
)
[ info ] [ DB ] INIT mysql
[ info ] [ BEHAVIOR ] Run \addons\upyun\Upyun @upload_config_init [ RunTime:0.000690s ]
[ info ] [ LANG ] D:\phpStudy\PHPTutorial\WWW\crm.aicheyide.com\public/../application/admin/lang/zh-cn/promote/customertabs.php
[ info ] [ RUN ] app\admin\controller\promote\Customertabs->newCustomer[ D:\phpStudy\PHPTutorial\WWW\crm.aicheyide.com\application\admin\controller\promote\Customertabs.php ]
[ info ] [ BEHAVIOR ] Run app\admin\behavior\AdminLog @app_end [ RunTime:0.000187s ]
[ info ] [ LOG ] INIT File
[ sql ] [ DB ] CONNECT:[ UseTime:0.121637s ] mysql:host=120.78.135.109;dbname=crm;charset=utf8
[ sql ] [ SQL ] SHOW COLUMNS FROM `crm_auth_group_access` [ RunTime:0.079082s ]
[ sql ] [ SQL ] SELECT `aga`.`uid`,`aga`.`group_id`,`ag`.`id`,`ag`.`pid`,`ag`.`name`,`ag`.`rules` FROM `crm_auth_group_access` `aga` LEFT JOIN `crm_auth_group` `ag` ON `aga`.`group_id`=`ag`.`id` WHERE  (  aga.uid='12' and ag.status='normal' ) [ RunTime:0.078219s ]
[ sql ] [ SQL ] SHOW COLUMNS FROM `crm_auth_rule` [ RunTime:0.076932s ]
[ sql ] [ SQL ] SELECT `id`,`pid`,`condition`,`icon`,`name`,`title`,`ismenu` FROM `crm_auth_rule` WHERE  `status` = 'normal' [ RunTime:0.116454s ]
[ sql ] [ SQL ] SHOW COLUMNS FROM `crm_customer_resource` [ RunTime:0.078406s ]
[ sql ] [ SQL ] SHOW COLUMNS FROM `crm_platform` [ RunTime:0.078511s ]
[ sql ] [ SQL ] SELECT COUNT(*) AS tp_count FROM `crm_customer_resource` `customer_resource` LEFT JOIN `crm_platform` `platform` ON `customer_resource`.`platform_id`=`platform`.`id` WHERE  `backoffice_id` IS NULL ORDER BY `customer_resource`.`id` DESC LIMIT 1 [ RunTime:0.078279s ]
[ sql ] [ SQL ] SELECT `customer_resource`.`id`,`customer_resource`.`platform_id`,`customer_resource`.`backoffice_id`,`customer_resource`.`sales_id`,`customer_resource`.`username`,`customer_resource`.`phone`,`customer_resource`.`age`,`customer_resource`.`genderdata`,`customer_resource`.`createtime`,`customer_resource`.`updatetime`,`customer_resource`.`allocationtime`,`customer_resource`.`feedtime`,`customer_resource`.`feedback`,`customer_resource`.`note`,`customer_resource`.`distributinternaltime`,`customer_resource`.`distributsaletime`,`customer_resource`.`feedbacktime`,platform.id AS platform__id,platform.name AS platform__name,platform.status AS platform__status,platform.createtime AS platform__createtime,platform.updatetime AS platform__updatetime FROM `crm_customer_resource` `customer_resource` LEFT JOIN `crm_platform` `platform` ON `customer_resource`.`platform_id`=`platform`.`id` WHERE  `backoffice_id` IS NULL ORDER BY `customer_resource`.`id` DESC LIMIT 0,10 [ RunTime:0.078737s ]
---------------------------------------------------------------
[ 2018-07-23T17:57:48+08:00 ] 127.0.0.1 GET /admin/promote/customertabs/distribution?ids=6&dialog=1
[ info ] acyd.com/admin/promote/customertabs/distribution?ids=6&dialog=1 [运行时间：0.708986s][吞吐率：1.41req/s] [内存消耗：3,115.84kb] [文件加载：80]
[ info ] [ BEHAVIOR ] Run Closure @app_init [ RunTime:0.000021s ]
[ info ] [ CACHE ] INIT File
[ info ] [ BEHAVIOR ] Run Closure @app_init [ RunTime:0.002927s ]
[ info ] [ LANG ] D:\phpStudy\PHPTutorial\WWW\crm.aicheyide.com\thinkphp\lang\zh-cn.php
[ info ] [ ROUTE ] array (
  'type' => 'module',
  'module' => 
  array (
    0 => 'admin',
    1 => 'promote.customertabs',
    2 => 'distribution',
  ),
)
[ info ] [ HEADER ] array (
  'cookie' => 'PHPSESSID=2ga0svrgeuvdccnd1o1pai8fu0; Hm_lvt_f8d0a8c400404989e195270b0bbf060a=1532338317; Hm_lpvt_f8d0a8c400404989e195270b0bbf060a=1532338317',
  'accept-language' => 'zh-CN,zh;q=0.9',
  'accept-encoding' => 'gzip, deflate',
  'referer' => 'http://acyd.com/admin/promote/customertabs?addtabs=1',
  'accept' => 'text/html,application/xhtml+xml,application/xml;q=0.9,image/webp,image/apng,*/*;q=0.8',
  'user-agent' => 'Mozilla/5.0 (Windows NT 10.0; WOW64) AppleWebKit/537.36 (KHTML, like Gecko) Chrome/67.0.3396.99 Safari/537.36',
  'upgrade-insecure-requests' => '1',
  'connection' => 'close',
  'host' => 'acyd.com',
)
[ info ] [ PARAM ] array (
  'ids' => '6',
  'dialog' => '1',
)
[ info ] [ LANG ] D:\phpStudy\PHPTutorial\WWW\crm.aicheyide.com\public/../application/admin\lang\zh-cn.php
[ info ] [ BEHAVIOR ] Run app\common\behavior\Common @module_init [ RunTime:0.000429s ]
[ info ] [ SESSION ] INIT array (
  'id' => '',
  'var_session_id' => '',
  'prefix' => 'think',
  'type' => '',
  'auto_start' => true,
)
[ info ] [ DB ] INIT mysql
[ info ] [ BEHAVIOR ] Run \addons\upyun\Upyun @upload_config_init [ RunTime:0.000599s ]
[ info ] [ LANG ] D:\phpStudy\PHPTutorial\WWW\crm.aicheyide.com\public/../application/admin/lang/zh-cn/promote/customertabs.php
[ info ] [ RUN ] app\admin\controller\promote\Customertabs->distribution[ D:\phpStudy\PHPTutorial\WWW\crm.aicheyide.com\application\admin\controller\promote\Customertabs.php ]
[ info ] [ VIEW ] D:\phpStudy\PHPTutorial\WWW\crm.aicheyide.com\public/../application/admin\view\promote\customertabs\distribution.html [ array (
  0 => 'breadcrumb',
  1 => 'site',
  2 => 'config',
  3 => 'auth',
  4 => 'admin',
  5 => 'backofficeList',
) ]
[ info ] [ BEHAVIOR ] Run app\admin\behavior\AdminLog @app_end [ RunTime:0.000129s ]
[ info ] [ LOG ] INIT File
[ sql ] [ DB ] CONNECT:[ UseTime:0.127015s ] mysql:host=120.78.135.109;dbname=crm;charset=utf8
[ sql ] [ SQL ] SHOW COLUMNS FROM `crm_auth_group_access` [ RunTime:0.082700s ]
[ sql ] [ SQL ] SELECT `aga`.`uid`,`aga`.`group_id`,`ag`.`id`,`ag`.`pid`,`ag`.`name`,`ag`.`rules` FROM `crm_auth_group_access` `aga` LEFT JOIN `crm_auth_group` `ag` ON `aga`.`group_id`=`ag`.`id` WHERE  (  aga.uid='12' and ag.status='normal' ) [ RunTime:0.082986s ]
[ sql ] [ SQL ] SHOW COLUMNS FROM `crm_auth_rule` [ RunTime:0.083218s ]
[ sql ] [ SQL ] SELECT `id`,`pid`,`condition`,`icon`,`name`,`title`,`ismenu` FROM `crm_auth_rule` WHERE  `status` = 'normal' [ RunTime:0.124550s ]
[ sql ] [ SQL ] SHOW COLUMNS FROM `crm_admin` [ RunTime:0.083325s ]
[ sql ] [ SQL ] SELECT `id`,`nickname`,`rule_message` FROM `crm_admin` WHERE  (  `rule_message` = 'message20' OR `rule_message` = 'message13' ) [ RunTime:0.082501s ]
---------------------------------------------------------------
[ 2018-07-23T17:57:48+08:00 ] 127.0.0.1 GET /admin/ajax/lang?callback=define&controllername=promote.customertabs&v=1532339867
[ info ] acyd.com/admin/ajax/lang?callback=define&controllername=promote.customertabs&v=1532339867 [运行时间：0.025929s][吞吐率：38.57req/s] [内存消耗：2,329.32kb] [文件加载：73]
[ info ] [ BEHAVIOR ] Run Closure @app_init [ RunTime:0.000015s ]
[ info ] [ CACHE ] INIT File
[ info ] [ BEHAVIOR ] Run Closure @app_init [ RunTime:0.002701s ]
[ info ] [ LANG ] D:\phpStudy\PHPTutorial\WWW\crm.aicheyide.com\thinkphp\lang\zh-cn.php
[ info ] [ ROUTE ] array (
  'type' => 'module',
  'module' => 
  array (
    0 => 'admin',
    1 => 'ajax',
    2 => 'lang',
  ),
)
[ info ] [ HEADER ] array (
  'cookie' => 'PHPSESSID=2ga0svrgeuvdccnd1o1pai8fu0; Hm_lvt_f8d0a8c400404989e195270b0bbf060a=1532338317; Hm_lpvt_f8d0a8c400404989e195270b0bbf060a=1532338317',
  'accept-language' => 'zh-CN,zh;q=0.9',
  'accept-encoding' => 'gzip, deflate',
  'referer' => 'http://acyd.com/admin/promote/customertabs/distribution?ids=6&dialog=1',
  'accept' => '*/*',
  'user-agent' => 'Mozilla/5.0 (Windows NT 10.0; WOW64) AppleWebKit/537.36 (KHTML, like Gecko) Chrome/67.0.3396.99 Safari/537.36',
  'connection' => 'close',
  'host' => 'acyd.com',
)
[ info ] [ PARAM ] array (
  'callback' => 'define',
  'controllername' => 'promote.customertabs',
  'v' => '1532339867',
)
[ info ] [ LANG ] D:\phpStudy\PHPTutorial\WWW\crm.aicheyide.com\public/../application/admin\lang\zh-cn.php
[ info ] [ BEHAVIOR ] Run app\common\behavior\Common @module_init [ RunTime:0.000359s ]
[ info ] [ SESSION ] INIT array (
  'id' => '',
  'var_session_id' => '',
  'prefix' => 'think',
  'type' => '',
  'auto_start' => true,
)
[ info ] [ BEHAVIOR ] Run \addons\upyun\Upyun @upload_config_init [ RunTime:0.000983s ]
[ info ] [ LANG ] D:\phpStudy\PHPTutorial\WWW\crm.aicheyide.com\public/../application/admin/lang/zh-cn/ajax.php
[ info ] [ RUN ] app\admin\controller\Ajax->lang[ D:\phpStudy\PHPTutorial\WWW\crm.aicheyide.com\application\admin\controller\Ajax.php ]
[ info ] [ LANG ] D:\phpStudy\PHPTutorial\WWW\crm.aicheyide.com\public/../application/admin/lang/zh-cn/promote/customertabs.php
[ info ] [ BEHAVIOR ] Run app\admin\behavior\AdminLog @app_end [ RunTime:0.000122s ]
[ info ] [ LOG ] INIT File
---------------------------------------------------------------
[ 2018-07-23T17:57:50+08:00 ] 127.0.0.1 POST /admin/promote/customertabs/distribution?ids=6&dialog=1
[ info ] acyd.com/admin/promote/customertabs/distribution?ids=6&dialog=1 [运行时间：0.992987s][吞吐率：1.01req/s] [内存消耗：3,110.19kb] [文件加载：82]
[ info ] [ BEHAVIOR ] Run Closure @app_init [ RunTime:0.000025s ]
[ info ] [ CACHE ] INIT File
[ info ] [ BEHAVIOR ] Run Closure @app_init [ RunTime:0.003059s ]
[ info ] [ LANG ] D:\phpStudy\PHPTutorial\WWW\crm.aicheyide.com\thinkphp\lang\zh-cn.php
[ info ] [ ROUTE ] array (
  'type' => 'module',
  'module' => 
  array (
    0 => 'admin',
    1 => 'promote.customertabs',
    2 => 'distribution',
  ),
)
[ info ] [ HEADER ] array (
  'cookie' => 'PHPSESSID=2ga0svrgeuvdccnd1o1pai8fu0; Hm_lvt_f8d0a8c400404989e195270b0bbf060a=1532338317; Hm_lpvt_f8d0a8c400404989e195270b0bbf060a=1532338317',
  'accept-language' => 'zh-CN,zh;q=0.9',
  'accept-encoding' => 'gzip, deflate',
  'referer' => 'http://acyd.com/admin/promote/customertabs/distribution?ids=6&dialog=1',
  'content-type' => 'application/x-www-form-urlencoded; charset=UTF-8',
  'user-agent' => 'Mozilla/5.0 (Windows NT 10.0; WOW64) AppleWebKit/537.36 (KHTML, like Gecko) Chrome/67.0.3396.99 Safari/537.36',
  'x-requested-with' => 'XMLHttpRequest',
  'origin' => 'http://acyd.com',
  'accept' => 'application/json, text/javascript, */*; q=0.01',
  'content-length' => '14',
  'connection' => 'close',
  'host' => 'acyd.com',
)
[ info ] [ PARAM ] array (
  'ids' => '6',
  'dialog' => '1',
  'row' => 
  array (
    'id' => '13',
  ),
)
[ info ] [ LANG ] D:\phpStudy\PHPTutorial\WWW\crm.aicheyide.com\public/../application/admin\lang\zh-cn.php
[ info ] [ BEHAVIOR ] Run app\common\behavior\Common @module_init [ RunTime:0.000449s ]
[ info ] [ SESSION ] INIT array (
  'id' => '',
  'var_session_id' => '',
  'prefix' => 'think',
  'type' => '',
  'auto_start' => true,
)
[ info ] [ DB ] INIT mysql
[ info ] [ BEHAVIOR ] Run \addons\upyun\Upyun @upload_config_init [ RunTime:0.000643s ]
[ info ] [ LANG ] D:\phpStudy\PHPTutorial\WWW\crm.aicheyide.com\public/../application/admin/lang/zh-cn/promote/customertabs.php
[ info ] [ RUN ] app\admin\controller\promote\Customertabs->distribution[ D:\phpStudy\PHPTutorial\WWW\crm.aicheyide.com\application\admin\controller\promote\Customertabs.php ]
[ info ] [ BEHAVIOR ] Run app\admin\behavior\AdminLog @app_end [ RunTime:0.161218s ]
[ info ] [ LOG ] INIT File
[ sql ] [ DB ] CONNECT:[ UseTime:0.120942s ] mysql:host=120.78.135.109;dbname=crm;charset=utf8
[ sql ] [ SQL ] SHOW COLUMNS FROM `crm_auth_group_access` [ RunTime:0.078091s ]
[ sql ] [ SQL ] SELECT `aga`.`uid`,`aga`.`group_id`,`ag`.`id`,`ag`.`pid`,`ag`.`name`,`ag`.`rules` FROM `crm_auth_group_access` `aga` LEFT JOIN `crm_auth_group` `ag` ON `aga`.`group_id`=`ag`.`id` WHERE  (  aga.uid='12' and ag.status='normal' ) [ RunTime:0.078624s ]
[ sql ] [ SQL ] SHOW COLUMNS FROM `crm_auth_rule` [ RunTime:0.078163s ]
[ sql ] [ SQL ] SELECT `id`,`pid`,`condition`,`icon`,`name`,`title`,`ismenu` FROM `crm_auth_rule` WHERE  `status` = 'normal' [ RunTime:0.118357s ]
[ sql ] [ SQL ] SHOW COLUMNS FROM `crm_admin` [ RunTime:0.079435s ]
[ sql ] [ SQL ] SELECT `id`,`nickname`,`rule_message` FROM `crm_admin` WHERE  (  `rule_message` = 'message20' OR `rule_message` = 'message13' ) [ RunTime:0.078294s ]
[ sql ] [ SQL ] SHOW COLUMNS FROM `crm_customer_resource` [ RunTime:0.076290s ]
[ sql ] [ SQL ] UPDATE `crm_customer_resource`  SET `backoffice_id`=13,`updatetime`=1532339869  WHERE  (  `id` IN (6) ) [ RunTime:0.082803s ]
[ sql ] [ SQL ] SHOW COLUMNS FROM `crm_admin_log` [ RunTime:0.077128s ]
[ sql ] [ SQL ] INSERT INTO `crm_admin_log` (`title` , `content` , `url` , `admin_id` , `username` , `useragent` , `ip` , `createtime`) VALUES ('' , '{\"ids\":\"6\",\"dialog\":\"1\",\"row\":{\"id\":\"13\"}}' , '/admin/promote/customertabs/distribution?ids=6&dialog=1' , 12 , 'hqf' , 'Mozilla/5.0 (Windows NT 10.0; WOW64) AppleWebKit/537.36 (KHTML, like Gecko) Chrome/67.0.3396.99 Safari/537.36' , '127.0.0.1' , 1532339870) [ RunTime:0.081478s ]
---------------------------------------------------------------
[ 2018-07-23T17:57:50+08:00 ] 127.0.0.1 GET /admin/promote/Customertabs/newCustomer?sort=id&order=desc&offset=0&limit=10&filter=%7B%7D&op=%7B%7D&_=1532339864742
[ info ] acyd.com/admin/promote/Customertabs/newCustomer?sort=id&order=desc&offset=0&limit=10&filter=%7B%7D&op=%7B%7D&_=1532339864742 [运行时间：0.813416s][吞吐率：1.23req/s] [内存消耗：3,221.03kb] [文件加载：85]
[ info ] [ BEHAVIOR ] Run Closure @app_init [ RunTime:0.000019s ]
[ info ] [ CACHE ] INIT File
[ info ] [ BEHAVIOR ] Run Closure @app_init [ RunTime:0.003081s ]
[ info ] [ LANG ] D:\phpStudy\PHPTutorial\WWW\crm.aicheyide.com\thinkphp\lang\zh-cn.php
[ info ] [ ROUTE ] array (
  'type' => 'module',
  'module' => 
  array (
    0 => 'admin',
    1 => 'promote.Customertabs',
    2 => 'newCustomer',
  ),
)
[ info ] [ HEADER ] array (
  'cookie' => 'PHPSESSID=2ga0svrgeuvdccnd1o1pai8fu0; Hm_lvt_f8d0a8c400404989e195270b0bbf060a=1532338317; Hm_lpvt_f8d0a8c400404989e195270b0bbf060a=1532338317',
  'accept-language' => 'zh-CN,zh;q=0.9',
  'accept-encoding' => 'gzip, deflate',
  'referer' => 'http://acyd.com/admin/promote/customertabs?addtabs=1',
  'content-type' => 'application/json',
  'user-agent' => 'Mozilla/5.0 (Windows NT 10.0; WOW64) AppleWebKit/537.36 (KHTML, like Gecko) Chrome/67.0.3396.99 Safari/537.36',
  'x-requested-with' => 'XMLHttpRequest',
  'accept' => 'application/json, text/javascript, */*; q=0.01',
  'connection' => 'close',
  'host' => 'acyd.com',
)
[ info ] [ PARAM ] array (
  'sort' => 'id',
  'order' => 'desc',
  'offset' => '0',
  'limit' => '10',
  'filter' => '{}',
  'op' => '{}',
  '_' => '1532339864742',
)
[ info ] [ LANG ] D:\phpStudy\PHPTutorial\WWW\crm.aicheyide.com\public/../application/admin\lang\zh-cn.php
[ info ] [ BEHAVIOR ] Run app\common\behavior\Common @module_init [ RunTime:0.000558s ]
[ info ] [ SESSION ] INIT array (
  'id' => '',
  'var_session_id' => '',
  'prefix' => 'think',
  'type' => '',
  'auto_start' => true,
)
[ info ] [ DB ] INIT mysql
[ info ] [ BEHAVIOR ] Run \addons\upyun\Upyun @upload_config_init [ RunTime:0.002357s ]
[ info ] [ LANG ] D:\phpStudy\PHPTutorial\WWW\crm.aicheyide.com\public/../application/admin/lang/zh-cn/promote/customertabs.php
[ info ] [ RUN ] app\admin\controller\promote\Customertabs->newCustomer[ D:\phpStudy\PHPTutorial\WWW\crm.aicheyide.com\application\admin\controller\promote\Customertabs.php ]
[ info ] [ BEHAVIOR ] Run app\admin\behavior\AdminLog @app_end [ RunTime:0.000140s ]
[ info ] [ LOG ] INIT File
[ sql ] [ DB ] CONNECT:[ UseTime:0.116674s ] mysql:host=120.78.135.109;dbname=crm;charset=utf8
[ sql ] [ SQL ] SHOW COLUMNS FROM `crm_auth_group_access` [ RunTime:0.075410s ]
[ sql ] [ SQL ] SELECT `aga`.`uid`,`aga`.`group_id`,`ag`.`id`,`ag`.`pid`,`ag`.`name`,`ag`.`rules` FROM `crm_auth_group_access` `aga` LEFT JOIN `crm_auth_group` `ag` ON `aga`.`group_id`=`ag`.`id` WHERE  (  aga.uid='12' and ag.status='normal' ) [ RunTime:0.075639s ]
[ sql ] [ SQL ] SHOW COLUMNS FROM `crm_auth_rule` [ RunTime:0.076084s ]
[ sql ] [ SQL ] SELECT `id`,`pid`,`condition`,`icon`,`name`,`title`,`ismenu` FROM `crm_auth_rule` WHERE  `status` = 'normal' [ RunTime:0.112798s ]
[ sql ] [ SQL ] SHOW COLUMNS FROM `crm_customer_resource` [ RunTime:0.074547s ]
[ sql ] [ SQL ] SHOW COLUMNS FROM `crm_platform` [ RunTime:0.076490s ]
[ sql ] [ SQL ] SELECT COUNT(*) AS tp_count FROM `crm_customer_resource` `customer_resource` LEFT JOIN `crm_platform` `platform` ON `customer_resource`.`platform_id`=`platform`.`id` WHERE  `backoffice_id` IS NULL ORDER BY `customer_resource`.`id` DESC LIMIT 1 [ RunTime:0.075664s ]
[ sql ] [ SQL ] SELECT `customer_resource`.`id`,`customer_resource`.`platform_id`,`customer_resource`.`backoffice_id`,`customer_resource`.`sales_id`,`customer_resource`.`username`,`customer_resource`.`phone`,`customer_resource`.`age`,`customer_resource`.`genderdata`,`customer_resource`.`createtime`,`customer_resource`.`updatetime`,`customer_resource`.`allocationtime`,`customer_resource`.`feedtime`,`customer_resource`.`feedback`,`customer_resource`.`note`,`customer_resource`.`distributinternaltime`,`customer_resource`.`distributsaletime`,`customer_resource`.`feedbacktime`,platform.id AS platform__id,platform.name AS platform__name,platform.status AS platform__status,platform.createtime AS platform__createtime,platform.updatetime AS platform__updatetime FROM `crm_customer_resource` `customer_resource` LEFT JOIN `crm_platform` `platform` ON `customer_resource`.`platform_id`=`platform`.`id` WHERE  `backoffice_id` IS NULL ORDER BY `customer_resource`.`id` DESC LIMIT 0,10 [ RunTime:0.075744s ]
---------------------------------------------------------------
[ 2018-07-23T17:58:25+08:00 ] 127.0.0.1 GET /admin/promote/Customertabs/newCustomer?sort=id&order=desc&offset=0&limit=10&filter=%7B%7D&op=%7B%7D&_=1532339864743
[ info ] acyd.com/admin/promote/Customertabs/newCustomer?sort=id&order=desc&offset=0&limit=10&filter=%7B%7D&op=%7B%7D&_=1532339864743 [运行时间：0.948556s][吞吐率：1.05req/s] [内存消耗：3,233.98kb] [文件加载：86]
[ info ] [ BEHAVIOR ] Run Closure @app_init [ RunTime:0.000021s ]
[ info ] [ CACHE ] INIT File
[ info ] [ BEHAVIOR ] Run Closure @app_init [ RunTime:0.003680s ]
[ info ] [ LANG ] D:\phpStudy\PHPTutorial\WWW\crm.aicheyide.com\thinkphp\lang\zh-cn.php
[ info ] [ ROUTE ] array (
  'type' => 'module',
  'module' => 
  array (
    0 => 'admin',
    1 => 'promote.Customertabs',
    2 => 'newCustomer',
  ),
)
[ info ] [ HEADER ] array (
  'cookie' => 'PHPSESSID=2ga0svrgeuvdccnd1o1pai8fu0; Hm_lvt_f8d0a8c400404989e195270b0bbf060a=1532338317; Hm_lpvt_f8d0a8c400404989e195270b0bbf060a=1532338317',
  'accept-language' => 'zh-CN,zh;q=0.9',
  'accept-encoding' => 'gzip, deflate',
  'referer' => 'http://acyd.com/admin/promote/customertabs?addtabs=1',
  'content-type' => 'application/json',
  'user-agent' => 'Mozilla/5.0 (Windows NT 10.0; WOW64) AppleWebKit/537.36 (KHTML, like Gecko) Chrome/67.0.3396.99 Safari/537.36',
  'x-requested-with' => 'XMLHttpRequest',
  'accept' => 'application/json, text/javascript, */*; q=0.01',
  'connection' => 'close',
  'host' => 'acyd.com',
)
[ info ] [ PARAM ] array (
  'sort' => 'id',
  'order' => 'desc',
  'offset' => '0',
  'limit' => '10',
  'filter' => '{}',
  'op' => '{}',
  '_' => '1532339864743',
)
[ info ] [ LANG ] D:\phpStudy\PHPTutorial\WWW\crm.aicheyide.com\public/../application/admin\lang\zh-cn.php
[ info ] [ BEHAVIOR ] Run app\common\behavior\Common @module_init [ RunTime:0.000360s ]
[ info ] [ SESSION ] INIT array (
  'id' => '',
  'var_session_id' => '',
  'prefix' => 'think',
  'type' => '',
  'auto_start' => true,
)
[ info ] [ DB ] INIT mysql
[ info ] [ BEHAVIOR ] Run \addons\upyun\Upyun @upload_config_init [ RunTime:0.000848s ]
[ info ] [ LANG ] D:\phpStudy\PHPTutorial\WWW\crm.aicheyide.com\public/../application/admin/lang/zh-cn/promote/customertabs.php
[ info ] [ RUN ] app\admin\controller\promote\Customertabs->newCustomer[ D:\phpStudy\PHPTutorial\WWW\crm.aicheyide.com\application\admin\controller\promote\Customertabs.php ]
[ info ] [ BEHAVIOR ] Run app\admin\behavior\AdminLog @app_end [ RunTime:0.000282s ]
[ info ] [ LOG ] INIT File
[ sql ] [ DB ] CONNECT:[ UseTime:0.147064s ] mysql:host=120.78.135.109;dbname=crm;charset=utf8
[ sql ] [ SQL ] SHOW COLUMNS FROM `crm_auth_group_access` [ RunTime:0.089416s ]
[ sql ] [ SQL ] SELECT `aga`.`uid`,`aga`.`group_id`,`ag`.`id`,`ag`.`pid`,`ag`.`name`,`ag`.`rules` FROM `crm_auth_group_access` `aga` LEFT JOIN `crm_auth_group` `ag` ON `aga`.`group_id`=`ag`.`id` WHERE  (  aga.uid='12' and ag.status='normal' ) [ RunTime:0.089395s ]
[ sql ] [ SQL ] SHOW COLUMNS FROM `crm_auth_rule` [ RunTime:0.089127s ]
[ sql ] [ SQL ] SELECT `id`,`pid`,`condition`,`icon`,`name`,`title`,`ismenu` FROM `crm_auth_rule` WHERE  `status` = 'normal' [ RunTime:0.133882s ]
[ sql ] [ SQL ] SHOW COLUMNS FROM `crm_customer_resource` [ RunTime:0.089511s ]
[ sql ] [ SQL ] SHOW COLUMNS FROM `crm_platform` [ RunTime:0.087547s ]
[ sql ] [ SQL ] SELECT COUNT(*) AS tp_count FROM `crm_customer_resource` `customer_resource` LEFT JOIN `crm_platform` `platform` ON `customer_resource`.`platform_id`=`platform`.`id` WHERE  `backoffice_id` IS NULL ORDER BY `customer_resource`.`id` DESC LIMIT 1 [ RunTime:0.087080s ]
[ sql ] [ SQL ] SELECT `customer_resource`.`id`,`customer_resource`.`platform_id`,`customer_resource`.`backoffice_id`,`customer_resource`.`sales_id`,`customer_resource`.`username`,`customer_resource`.`phone`,`customer_resource`.`age`,`customer_resource`.`genderdata`,`customer_resource`.`createtime`,`customer_resource`.`updatetime`,`customer_resource`.`allocationtime`,`customer_resource`.`feedtime`,`customer_resource`.`feedback`,`customer_resource`.`note`,`customer_resource`.`distributinternaltime`,`customer_resource`.`distributsaletime`,`customer_resource`.`feedbacktime`,platform.id AS platform__id,platform.name AS platform__name,platform.status AS platform__status,platform.createtime AS platform__createtime,platform.updatetime AS platform__updatetime FROM `crm_customer_resource` `customer_resource` LEFT JOIN `crm_platform` `platform` ON `customer_resource`.`platform_id`=`platform`.`id` WHERE  `backoffice_id` IS NULL ORDER BY `customer_resource`.`id` DESC LIMIT 0,10 [ RunTime:0.089995s ]
---------------------------------------------------------------
[ 2018-07-23T18:02:01+08:00 ] 127.0.0.1 GET /admin/example/bootstraptable?addtabs=1
[ info ] acyd.com/admin/example/bootstraptable?addtabs=1 [运行时间：0.584514s][吞吐率：1.71req/s] [内存消耗：3,140.80kb] [文件加载：80]
[ info ] [ BEHAVIOR ] Run Closure @app_init [ RunTime:0.000134s ]
[ info ] [ CACHE ] INIT File
[ info ] [ BEHAVIOR ] Run Closure @app_init [ RunTime:0.008001s ]
[ info ] [ LANG ] D:\phpStudy\PHPTutorial\WWW\crm.aicheyide.com\thinkphp\lang\zh-cn.php
[ info ] [ ROUTE ] array (
  'type' => 'module',
  'module' => 
  array (
    0 => 'admin',
    1 => 'example.bootstraptable',
    2 => NULL,
  ),
)
[ info ] [ HEADER ] array (
  'cookie' => 'PHPSESSID=2ga0svrgeuvdccnd1o1pai8fu0; Hm_lvt_f8d0a8c400404989e195270b0bbf060a=1532338317; Hm_lpvt_f8d0a8c400404989e195270b0bbf060a=1532338317',
  'accept-language' => 'zh-CN,zh;q=0.9',
  'accept-encoding' => 'gzip, deflate',
  'referer' => 'http://acyd.com/admin/example/bootstraptable?ref=addtabs',
  'accept' => 'text/html,application/xhtml+xml,application/xml;q=0.9,image/webp,image/apng,*/*;q=0.8',
  'user-agent' => 'Mozilla/5.0 (Windows NT 10.0; WOW64) AppleWebKit/537.36 (KHTML, like Gecko) Chrome/67.0.3396.99 Safari/537.36',
  'upgrade-insecure-requests' => '1',
  'connection' => 'close',
  'host' => 'acyd.com',
)
[ info ] [ PARAM ] array (
  'addtabs' => '1',
)
[ info ] [ LANG ] D:\phpStudy\PHPTutorial\WWW\crm.aicheyide.com\public/../application/admin\lang\zh-cn.php
[ info ] [ BEHAVIOR ] Run app\common\behavior\Common @module_init [ RunTime:0.000403s ]
[ info ] [ SESSION ] INIT array (
  'id' => '',
  'var_session_id' => '',
  'prefix' => 'think',
  'type' => '',
  'auto_start' => true,
)
[ info ] [ DB ] INIT mysql
[ info ] [ BEHAVIOR ] Run \addons\upyun\Upyun @upload_config_init [ RunTime:0.000551s ]
[ info ] [ RUN ] app\admin\controller\example\Bootstraptable->index[ D:\phpStudy\PHPTutorial\WWW\crm.aicheyide.com\application\admin\controller\example\Bootstraptable.php ]
[ info ] [ VIEW ] D:\phpStudy\PHPTutorial\WWW\crm.aicheyide.com\public/../application/admin\view\example\bootstraptable\index.html [ array (
  0 => 'breadcrumb',
  1 => 'site',
  2 => 'config',
  3 => 'auth',
  4 => 'admin',
) ]
[ info ] [ BEHAVIOR ] Run app\admin\behavior\AdminLog @app_end [ RunTime:0.000312s ]
[ info ] [ LOG ] INIT File
[ sql ] [ DB ] CONNECT:[ UseTime:0.119585s ] mysql:host=120.78.135.109;dbname=crm;charset=utf8
[ sql ] [ SQL ] SHOW COLUMNS FROM `crm_auth_group_access` [ RunTime:0.076102s ]
[ sql ] [ SQL ] SELECT `aga`.`uid`,`aga`.`group_id`,`ag`.`id`,`ag`.`pid`,`ag`.`name`,`ag`.`rules` FROM `crm_auth_group_access` `aga` LEFT JOIN `crm_auth_group` `ag` ON `aga`.`group_id`=`ag`.`id` WHERE  (  aga.uid='12' and ag.status='normal' ) [ RunTime:0.076613s ]
[ sql ] [ SQL ] SHOW COLUMNS FROM `crm_auth_rule` [ RunTime:0.076868s ]
[ sql ] [ SQL ] SELECT `id`,`pid`,`condition`,`icon`,`name`,`title`,`ismenu` FROM `crm_auth_rule` WHERE  `status` = 'normal' [ RunTime:0.116784s ]
[ sql ] [ SQL ] SELECT `title`,`remark` FROM `crm_auth_rule` WHERE  `name` = 'example/bootstraptable' LIMIT 1 [ RunTime:0.076460s ]
---------------------------------------------------------------
[ 2018-07-23T18:02:01+08:00 ] 127.0.0.1 GET /admin/ajax/lang?callback=define&controllername=example.bootstraptable&v=1532340121
[ info ] acyd.com/admin/ajax/lang?callback=define&controllername=example.bootstraptable&v=1532340121 [运行时间：0.025293s][吞吐率：39.54req/s] [内存消耗：2,328.21kb] [文件加载：72]
[ info ] [ BEHAVIOR ] Run Closure @app_init [ RunTime:0.000015s ]
[ info ] [ CACHE ] INIT File
[ info ] [ BEHAVIOR ] Run Closure @app_init [ RunTime:0.002066s ]
[ info ] [ LANG ] D:\phpStudy\PHPTutorial\WWW\crm.aicheyide.com\thinkphp\lang\zh-cn.php
[ info ] [ ROUTE ] array (
  'type' => 'module',
  'module' => 
  array (
    0 => 'admin',
    1 => 'ajax',
    2 => 'lang',
  ),
)
[ info ] [ HEADER ] array (
  'cookie' => 'PHPSESSID=2ga0svrgeuvdccnd1o1pai8fu0; Hm_lvt_f8d0a8c400404989e195270b0bbf060a=1532338317; Hm_lpvt_f8d0a8c400404989e195270b0bbf060a=1532338317',
  'accept-language' => 'zh-CN,zh;q=0.9',
  'accept-encoding' => 'gzip, deflate',
  'referer' => 'http://acyd.com/admin/example/bootstraptable?addtabs=1',
  'accept' => '*/*',
  'user-agent' => 'Mozilla/5.0 (Windows NT 10.0; WOW64) AppleWebKit/537.36 (KHTML, like Gecko) Chrome/67.0.3396.99 Safari/537.36',
  'connection' => 'close',
  'host' => 'acyd.com',
)
[ info ] [ PARAM ] array (
  'callback' => 'define',
  'controllername' => 'example.bootstraptable',
  'v' => '1532340121',
)
[ info ] [ LANG ] D:\phpStudy\PHPTutorial\WWW\crm.aicheyide.com\public/../application/admin\lang\zh-cn.php
[ info ] [ BEHAVIOR ] Run app\common\behavior\Common @module_init [ RunTime:0.000347s ]
[ info ] [ SESSION ] INIT array (
  'id' => '',
  'var_session_id' => '',
  'prefix' => 'think',
  'type' => '',
  'auto_start' => true,
)
[ info ] [ BEHAVIOR ] Run \addons\upyun\Upyun @upload_config_init [ RunTime:0.001057s ]
[ info ] [ LANG ] D:\phpStudy\PHPTutorial\WWW\crm.aicheyide.com\public/../application/admin/lang/zh-cn/ajax.php
[ info ] [ RUN ] app\admin\controller\Ajax->lang[ D:\phpStudy\PHPTutorial\WWW\crm.aicheyide.com\application\admin\controller\Ajax.php ]
[ info ] [ BEHAVIOR ] Run app\admin\behavior\AdminLog @app_end [ RunTime:0.000248s ]
[ info ] [ LOG ] INIT File
---------------------------------------------------------------
[ 2018-07-23T18:02:02+08:00 ] 127.0.0.1 GET /admin/example/bootstraptable/searchlist?search=a&field=row[user_id]
[ info ] acyd.com/admin/example/bootstraptable/searchlist?search=a&field=row[user_id] [运行时间：0.313239s][吞吐率：3.19req/s] [内存消耗：2,964.60kb] [文件加载：79]
[ info ] [ BEHAVIOR ] Run Closure @app_init [ RunTime:0.000017s ]
[ info ] [ CACHE ] INIT File
[ info ] [ BEHAVIOR ] Run Closure @app_init [ RunTime:0.002172s ]
[ info ] [ LANG ] D:\phpStudy\PHPTutorial\WWW\crm.aicheyide.com\thinkphp\lang\zh-cn.php
[ info ] [ ROUTE ] array (
  'type' => 'module',
  'module' => 
  array (
    0 => 'admin',
    1 => 'example.bootstraptable',
    2 => 'searchlist',
  ),
)
[ info ] [ HEADER ] array (
  'cookie' => 'PHPSESSID=2ga0svrgeuvdccnd1o1pai8fu0; Hm_lvt_f8d0a8c400404989e195270b0bbf060a=1532338317; Hm_lpvt_f8d0a8c400404989e195270b0bbf060a=1532338317',
  'accept-language' => 'zh-CN,zh;q=0.9',
  'accept-encoding' => 'gzip, deflate',
  'referer' => 'http://acyd.com/admin/example/bootstraptable?addtabs=1',
  'user-agent' => 'Mozilla/5.0 (Windows NT 10.0; WOW64) AppleWebKit/537.36 (KHTML, like Gecko) Chrome/67.0.3396.99 Safari/537.36',
  'x-requested-with' => 'XMLHttpRequest',
  'accept' => 'application/json, text/javascript, */*; q=0.01',
  'connection' => 'close',
  'host' => 'acyd.com',
)
[ info ] [ PARAM ] array (
  'search' => 'a',
  'field' => 'row[user_id]',
)
[ info ] [ LANG ] D:\phpStudy\PHPTutorial\WWW\crm.aicheyide.com\public/../application/admin\lang\zh-cn.php
[ info ] [ BEHAVIOR ] Run app\common\behavior\Common @module_init [ RunTime:0.000365s ]
[ info ] [ SESSION ] INIT array (
  'id' => '',
  'var_session_id' => '',
  'prefix' => 'think',
  'type' => '',
  'auto_start' => true,
)
[ info ] [ BEHAVIOR ] Run \addons\upyun\Upyun @upload_config_init [ RunTime:0.000572s ]
[ info ] [ DB ] INIT mysql
[ info ] [ RUN ] app\admin\controller\example\Bootstraptable->searchlist[ D:\phpStudy\PHPTutorial\WWW\crm.aicheyide.com\application\admin\controller\example\Bootstraptable.php ]
[ info ] [ BEHAVIOR ] Run app\admin\behavior\AdminLog @app_end [ RunTime:0.000286s ]
[ info ] [ LOG ] INIT File
[ sql ] [ DB ] CONNECT:[ UseTime:0.122345s ] mysql:host=120.78.135.109;dbname=crm;charset=utf8
[ sql ] [ SQL ] SHOW COLUMNS FROM `crm_admin_log` [ RunTime:0.079168s ]
[ sql ] [ SQL ] SELECT * FROM `crm_admin_log` LIMIT 10 [ RunTime:0.080480s ]
---------------------------------------------------------------
[ 2018-07-23T18:02:03+08:00 ] 127.0.0.1 GET /admin/example/bootstraptable/index?sort=id&order=desc&offset=0&limit=10&filter=%7B%22admin_id%22%3A1%7D&op=%7B%22admin_id%22%3A%22%3D%22%7D&_=1532340121748
[ info ] acyd.com/admin/example/bootstraptable/index?sort=id&order=desc&offset=0&limit=10&filter=%7B%22admin_id%22%3A1%7D&op=%7B%22admin_id%22%3A%22%3D%22%7D&_=1532340121748 [运行时间：0.830657s][吞吐率：1.20req/s] [内存消耗：3,151.62kb] [文件加载：80]
[ info ] [ BEHAVIOR ] Run Closure @app_init [ RunTime:0.000016s ]
[ info ] [ CACHE ] INIT File
[ info ] [ BEHAVIOR ] Run Closure @app_init [ RunTime:0.002278s ]
[ info ] [ LANG ] D:\phpStudy\PHPTutorial\WWW\crm.aicheyide.com\thinkphp\lang\zh-cn.php
[ info ] [ ROUTE ] array (
  'type' => 'module',
  'module' => 
  array (
    0 => 'admin',
    1 => 'example.bootstraptable',
    2 => 'index',
  ),
)
[ info ] [ HEADER ] array (
  'cookie' => 'PHPSESSID=2ga0svrgeuvdccnd1o1pai8fu0; Hm_lvt_f8d0a8c400404989e195270b0bbf060a=1532338317; Hm_lpvt_f8d0a8c400404989e195270b0bbf060a=1532338317',
  'accept-language' => 'zh-CN,zh;q=0.9',
  'accept-encoding' => 'gzip, deflate',
  'referer' => 'http://acyd.com/admin/example/bootstraptable?addtabs=1',
  'content-type' => 'application/json',
  'user-agent' => 'Mozilla/5.0 (Windows NT 10.0; WOW64) AppleWebKit/537.36 (KHTML, like Gecko) Chrome/67.0.3396.99 Safari/537.36',
  'x-requested-with' => 'XMLHttpRequest',
  'accept' => 'application/json, text/javascript, */*; q=0.01',
  'connection' => 'close',
  'host' => 'acyd.com',
)
[ info ] [ PARAM ] array (
  'sort' => 'id',
  'order' => 'desc',
  'offset' => '0',
  'limit' => '10',
  'filter' => '{"admin_id":1}',
  'op' => '{"admin_id":"="}',
  '_' => '1532340121748',
)
[ info ] [ LANG ] D:\phpStudy\PHPTutorial\WWW\crm.aicheyide.com\public/../application/admin\lang\zh-cn.php
[ info ] [ BEHAVIOR ] Run app\common\behavior\Common @module_init [ RunTime:0.000351s ]
[ info ] [ SESSION ] INIT array (
  'id' => '',
  'var_session_id' => '',
  'prefix' => 'think',
  'type' => '',
  'auto_start' => true,
)
[ info ] [ DB ] INIT mysql
[ info ] [ BEHAVIOR ] Run \addons\upyun\Upyun @upload_config_init [ RunTime:0.000624s ]
[ info ] [ RUN ] app\admin\controller\example\Bootstraptable->index[ D:\phpStudy\PHPTutorial\WWW\crm.aicheyide.com\application\admin\controller\example\Bootstraptable.php ]
[ info ] [ BEHAVIOR ] Run app\admin\behavior\AdminLog @app_end [ RunTime:0.000274s ]
[ info ] [ LOG ] INIT File
[ sql ] [ DB ] CONNECT:[ UseTime:0.132741s ] mysql:host=120.78.135.109;dbname=crm;charset=utf8
[ sql ] [ SQL ] SHOW COLUMNS FROM `crm_auth_group_access` [ RunTime:0.088439s ]
[ sql ] [ SQL ] SELECT `aga`.`uid`,`aga`.`group_id`,`ag`.`id`,`ag`.`pid`,`ag`.`name`,`ag`.`rules` FROM `crm_auth_group_access` `aga` LEFT JOIN `crm_auth_group` `ag` ON `aga`.`group_id`=`ag`.`id` WHERE  (  aga.uid='12' and ag.status='normal' ) [ RunTime:0.088224s ]
[ sql ] [ SQL ] SHOW COLUMNS FROM `crm_auth_rule` [ RunTime:0.088537s ]
[ sql ] [ SQL ] SELECT `id`,`pid`,`condition`,`icon`,`name`,`title`,`ismenu` FROM `crm_auth_rule` WHERE  `status` = 'normal' [ RunTime:0.131533s ]
[ sql ] [ SQL ] SHOW COLUMNS FROM `crm_admin_log` [ RunTime:0.088741s ]
[ sql ] [ SQL ] SELECT COUNT(*) AS tp_count FROM `crm_admin_log` WHERE  (  `admin_id` = 1 ) ORDER BY `id` DESC LIMIT 1 [ RunTime:0.087162s ]
[ sql ] [ SQL ] SELECT * FROM `crm_admin_log` WHERE  (  `admin_id` = 1 ) ORDER BY `id` DESC LIMIT 0,10 [ RunTime:0.088701s ]
---------------------------------------------------------------
[ 2018-07-23T18:02:04+08:00 ] 127.0.0.1 GET /admin/example/bootstraptable/cxselect?type=group
[ info ] acyd.com/admin/example/bootstraptable/cxselect?type=group [运行时间：1.373399s][吞吐率：0.73req/s] [内存消耗：2,990.61kb] [文件加载：81]
[ info ] [ BEHAVIOR ] Run Closure @app_init [ RunTime:0.000108s ]
[ info ] [ CACHE ] INIT File
[ info ] [ BEHAVIOR ] Run Closure @app_init [ RunTime:0.002471s ]
[ info ] [ LANG ] D:\phpStudy\PHPTutorial\WWW\crm.aicheyide.com\thinkphp\lang\zh-cn.php
[ info ] [ ROUTE ] array (
  'type' => 'module',
  'module' => 
  array (
    0 => 'admin',
    1 => 'example.bootstraptable',
    2 => 'cxselect',
  ),
)
[ info ] [ HEADER ] array (
  'cookie' => 'PHPSESSID=2ga0svrgeuvdccnd1o1pai8fu0; Hm_lvt_f8d0a8c400404989e195270b0bbf060a=1532338317; Hm_lpvt_f8d0a8c400404989e195270b0bbf060a=1532338317',
  'accept-language' => 'zh-CN,zh;q=0.9',
  'accept-encoding' => 'gzip, deflate',
  'referer' => 'http://acyd.com/admin/example/bootstraptable?addtabs=1',
  'user-agent' => 'Mozilla/5.0 (Windows NT 10.0; WOW64) AppleWebKit/537.36 (KHTML, like Gecko) Chrome/67.0.3396.99 Safari/537.36',
  'x-requested-with' => 'XMLHttpRequest',
  'accept' => 'application/json, text/javascript, */*; q=0.01',
  'connection' => 'close',
  'host' => 'acyd.com',
)
[ info ] [ PARAM ] array (
  'type' => 'group',
)
[ info ] [ LANG ] D:\phpStudy\PHPTutorial\WWW\crm.aicheyide.com\public/../application/admin\lang\zh-cn.php
[ info ] [ BEHAVIOR ] Run app\common\behavior\Common @module_init [ RunTime:0.000409s ]
[ info ] [ SESSION ] INIT array (
  'id' => '',
  'var_session_id' => '',
  'prefix' => 'think',
  'type' => '',
  'auto_start' => true,
)
[ info ] [ BEHAVIOR ] Run \addons\upyun\Upyun @upload_config_init [ RunTime:0.000783s ]
[ info ] [ DB ] INIT mysql
[ info ] [ RUN ] app\admin\controller\example\Bootstraptable->cxselect[ D:\phpStudy\PHPTutorial\WWW\crm.aicheyide.com\application\admin\controller\example\Bootstraptable.php ]
[ info ] [ BEHAVIOR ] Run app\admin\behavior\AdminLog @app_end [ RunTime:0.000299s ]
[ info ] [ LOG ] INIT File
[ sql ] [ DB ] CONNECT:[ UseTime:0.130649s ] mysql:host=120.78.135.109;dbname=crm;charset=utf8
[ sql ] [ SQL ] SHOW COLUMNS FROM `crm_auth_group_access` [ RunTime:0.085345s ]
[ sql ] [ SQL ] SELECT `aga`.`uid`,`aga`.`group_id`,`ag`.`id`,`ag`.`pid`,`ag`.`name`,`ag`.`rules` FROM `crm_auth_group_access` `aga` LEFT JOIN `crm_auth_group` `ag` ON `aga`.`group_id`=`ag`.`id` WHERE  (  aga.uid='12' and ag.status='normal' ) [ RunTime:0.084690s ]
[ sql ] [ SQL ] SHOW COLUMNS FROM `crm_auth_group` [ RunTime:0.085300s ]
[ sql ] [ SQL ] SELECT * FROM `crm_auth_group` WHERE  `status` = 'normal' [ RunTime:0.085839s ]
[ sql ] [ SQL ] SELECT id as value,`name` FROM `crm_auth_group` WHERE  `id` IN (1,2,10,11,12,13,14,16,17,18,19,20,21,22,23,24,25,26,27,28,29,30,31,32,33) [ RunTime:0.085075s ]
---------------------------------------------------------------
[ 2018-07-23T18:02:04+08:00 ] 127.0.0.1 GET /admin/example/bootstraptable/cxselect?type=group
[ info ] acyd.com/admin/example/bootstraptable/cxselect?type=group [运行时间：0.553437s][吞吐率：1.81req/s] [内存消耗：2,990.61kb] [文件加载：81]
[ info ] [ BEHAVIOR ] Run Closure @app_init [ RunTime:0.000021s ]
[ info ] [ CACHE ] INIT File
[ info ] [ BEHAVIOR ] Run Closure @app_init [ RunTime:0.002426s ]
[ info ] [ LANG ] D:\phpStudy\PHPTutorial\WWW\crm.aicheyide.com\thinkphp\lang\zh-cn.php
[ info ] [ ROUTE ] array (
  'type' => 'module',
  'module' => 
  array (
    0 => 'admin',
    1 => 'example.bootstraptable',
    2 => 'cxselect',
  ),
)
[ info ] [ HEADER ] array (
  'cookie' => 'PHPSESSID=2ga0svrgeuvdccnd1o1pai8fu0; Hm_lvt_f8d0a8c400404989e195270b0bbf060a=1532338317; Hm_lpvt_f8d0a8c400404989e195270b0bbf060a=1532338317',
  'accept-language' => 'zh-CN,zh;q=0.9',
  'accept-encoding' => 'gzip, deflate',
  'referer' => 'http://acyd.com/admin/example/bootstraptable?addtabs=1',
  'user-agent' => 'Mozilla/5.0 (Windows NT 10.0; WOW64) AppleWebKit/537.36 (KHTML, like Gecko) Chrome/67.0.3396.99 Safari/537.36',
  'x-requested-with' => 'XMLHttpRequest',
  'accept' => 'application/json, text/javascript, */*; q=0.01',
  'connection' => 'close',
  'host' => 'acyd.com',
)
[ info ] [ PARAM ] array (
  'type' => 'group',
)
[ info ] [ LANG ] D:\phpStudy\PHPTutorial\WWW\crm.aicheyide.com\public/../application/admin\lang\zh-cn.php
[ info ] [ BEHAVIOR ] Run app\common\behavior\Common @module_init [ RunTime:0.000350s ]
[ info ] [ SESSION ] INIT array (
  'id' => '',
  'var_session_id' => '',
  'prefix' => 'think',
  'type' => '',
  'auto_start' => true,
)
[ info ] [ BEHAVIOR ] Run \addons\upyun\Upyun @upload_config_init [ RunTime:0.000529s ]
[ info ] [ DB ] INIT mysql
[ info ] [ RUN ] app\admin\controller\example\Bootstraptable->cxselect[ D:\phpStudy\PHPTutorial\WWW\crm.aicheyide.com\application\admin\controller\example\Bootstraptable.php ]
[ info ] [ BEHAVIOR ] Run app\admin\behavior\AdminLog @app_end [ RunTime:0.001087s ]
[ info ] [ LOG ] INIT File
[ sql ] [ DB ] CONNECT:[ UseTime:0.118218s ] mysql:host=120.78.135.109;dbname=crm;charset=utf8
[ sql ] [ SQL ] SHOW COLUMNS FROM `crm_auth_group_access` [ RunTime:0.079089s ]
[ sql ] [ SQL ] SELECT `aga`.`uid`,`aga`.`group_id`,`ag`.`id`,`ag`.`pid`,`ag`.`name`,`ag`.`rules` FROM `crm_auth_group_access` `aga` LEFT JOIN `crm_auth_group` `ag` ON `aga`.`group_id`=`ag`.`id` WHERE  (  aga.uid='12' and ag.status='normal' ) [ RunTime:0.077435s ]
[ sql ] [ SQL ] SHOW COLUMNS FROM `crm_auth_group` [ RunTime:0.079521s ]
[ sql ] [ SQL ] SELECT * FROM `crm_auth_group` WHERE  `status` = 'normal' [ RunTime:0.079555s ]
[ sql ] [ SQL ] SELECT id as value,`name` FROM `crm_auth_group` WHERE  `id` IN (1,2,10,11,12,13,14,16,17,18,19,20,21,22,23,24,25,26,27,28,29,30,31,32,33) [ RunTime:0.078820s ]
