[ 2018-07-27T10:36:50+08:00 ][ info ] [ BEHAVIOR ] Run Closure @app_init [ RunTime:0.000119s ]
[ info ] [ LOG ] INIT File
[ 2018-07-27T10:36:50+08:00 ][ info ] [ CACHE ] INIT Memcache
[ 2018-07-27T10:36:50+08:00 ][ info ] [ BEHAVIOR ] Run Closure @app_init [ RunTime:0.005571s ]
[ 2018-07-27T10:36:51+08:00 ][ info ] [ DB ] INIT mysql
[ 2018-07-27T10:36:51+08:00 ][ sql ] [ DB ] CONNECT:[ UseTime:0.128676s ] mysql:host=120.78.135.109;dbname=crm;charset=utf8
[ 2018-07-27T10:36:51+08:00 ][ sql ] [ SQL ] SHOW TABLE STATUS LIKE 'secondcar_rental_models_info' [ RunTime:0.086129s ]
[ 2018-07-27T10:36:51+08:00 ][ sql ] [ SQL ] SHOW TABLE STATUS LIKE 'crm_secondcar_rental_models_info' [ RunTime:0.085881s ]
[ 2018-07-27T10:36:51+08:00 ][ sql ] [ SQL ] SHOW TABLE STATUS LIKE 'models' [ RunTime:0.086094s ]
[ 2018-07-27T10:36:51+08:00 ][ sql ] [ SQL ] SHOW TABLE STATUS LIKE 'crm_models' [ RunTime:0.085623s ]
[ 2018-07-27T10:36:51+08:00 ][ sql ] [ SQL ] SELECT * FROM `information_schema`.`columns` WHERE TABLE_SCHEMA = 'crm' AND table_name = 'crm_secondcar_rental_models_info' ORDER BY ORDINAL_POSITION [ RunTime:0.086285s ]
[ 2018-07-27T10:36:51+08:00 ][ sql ] [ SQL ] SELECT * FROM `information_schema`.`columns` WHERE TABLE_SCHEMA = 'crm' AND table_name = 'crm_models' ORDER BY ORDINAL_POSITION [ RunTime:0.085755s ]
[ 2018-07-27T10:36:52+08:00 ][ info ] [ BEHAVIOR ] Run Closure @app_init [ RunTime:0.000112s ]
[ info ] [ LOG ] INIT File
[ 2018-07-27T10:36:52+08:00 ][ info ] [ CACHE ] INIT Memcache
[ 2018-07-27T10:36:52+08:00 ][ info ] [ BEHAVIOR ] Run Closure @app_init [ RunTime:0.005661s ]
[ 2018-07-27T10:36:52+08:00 ][ info ] [ DB ] INIT mysql
[ 2018-07-27T10:36:52+08:00 ][ info ] [ LANG ] D:\phpStudy\PHPTutorial\WWW\crm.aicheyide.com\application\admin\lang/zh-cn.php
[ 2018-07-27T10:36:52+08:00 ][ sql ] [ DB ] CONNECT:[ UseTime:0.132760s ] mysql:host=120.78.135.109;dbname=crm;charset=utf8
[ 2018-07-27T10:36:52+08:00 ][ sql ] [ SQL ] SHOW COLUMNS FROM `crm_auth_rule` [ RunTime:0.088691s ]
[ 2018-07-27T10:36:52+08:00 ][ sql ] [ SQL ] SELECT * FROM `crm_auth_rule` WHERE  `name` = 'vehiclemanagement' LIMIT 1 [ RunTime:0.088370s ]
[ 2018-07-27T10:36:52+08:00 ][ sql ] [ SQL ] SELECT * FROM `crm_auth_rule` WHERE  `name` = 'vehiclemanagement/secondhandcar' LIMIT 1 [ RunTime:0.089002s ]
[ 2018-07-27T10:36:52+08:00 ][ sql ] [ SQL ] SELECT `id` FROM `crm_auth_rule` WHERE  `name` = 'vehiclemanagement/secondhandcar/index' LIMIT 1 [ RunTime:0.087591s ]
[ 2018-07-27T10:36:52+08:00 ][ sql ] [ SQL ] SELECT `id` FROM `crm_auth_rule` WHERE  `name` = 'vehiclemanagement/secondhandcar/add' LIMIT 1 [ RunTime:0.087561s ]
[ 2018-07-27T10:36:52+08:00 ][ sql ] [ SQL ] SELECT `id` FROM `crm_auth_rule` WHERE  `name` = 'vehiclemanagement/secondhandcar/edit' LIMIT 1 [ RunTime:0.088167s ]
[ 2018-07-27T10:36:52+08:00 ][ sql ] [ SQL ] SELECT `id` FROM `crm_auth_rule` WHERE  `name` = 'vehiclemanagement/secondhandcar/del' LIMIT 1 [ RunTime:0.087130s ]
[ 2018-07-27T10:36:53+08:00 ][ sql ] [ SQL ] SELECT `id` FROM `crm_auth_rule` WHERE  `name` = 'vehiclemanagement/secondhandcar/multi' LIMIT 1 [ RunTime:0.087275s ]
[ 2018-07-27T10:36:53+08:00 ][ sql ] [ SQL ] INSERT INTO `crm_auth_rule` (`id` , `pid` , `name` , `icon` , `title` , `ismenu` , `status` , `createtime` , `updatetime`) VALUES (NULL , 374 , 'vehiclemanagement/secondhandcar/index' , 'fa fa-circle-o' , '查看' , 0 , 'normal' , 1532659013 , 1532659013) [ RunTime:0.086892s ]
[ 2018-07-27T10:36:53+08:00 ][ sql ] [ SQL ] INSERT INTO `crm_auth_rule` (`id` , `pid` , `name` , `icon` , `title` , `ismenu` , `status` , `createtime` , `updatetime`) VALUES (NULL , 374 , 'vehiclemanagement/secondhandcar/add' , 'fa fa-circle-o' , '添加' , 0 , 'normal' , 1532659013 , 1532659013) [ RunTime:0.043898s ]
[ 2018-07-27T10:36:53+08:00 ][ sql ] [ SQL ] INSERT INTO `crm_auth_rule` (`id` , `pid` , `name` , `icon` , `title` , `ismenu` , `status` , `createtime` , `updatetime`) VALUES (NULL , 374 , 'vehiclemanagement/secondhandcar/edit' , 'fa fa-circle-o' , '编辑' , 0 , 'normal' , 1532659013 , 1532659013) [ RunTime:0.043345s ]
[ 2018-07-27T10:36:53+08:00 ][ sql ] [ SQL ] INSERT INTO `crm_auth_rule` (`id` , `pid` , `name` , `icon` , `title` , `ismenu` , `status` , `createtime` , `updatetime`) VALUES (NULL , 374 , 'vehiclemanagement/secondhandcar/del' , 'fa fa-circle-o' , '删除' , 0 , 'normal' , 1532659013 , 1532659013) [ RunTime:0.043547s ]
[ 2018-07-27T10:36:53+08:00 ][ sql ] [ SQL ] INSERT INTO `crm_auth_rule` (`id` , `pid` , `name` , `icon` , `title` , `ismenu` , `status` , `createtime` , `updatetime`) VALUES (NULL , 374 , 'vehiclemanagement/secondhandcar/multi' , 'fa fa-circle-o' , '批量更新' , 0 , 'normal' , 1532659013 , 1532659013) [ RunTime:0.043627s ]
[ 2018-07-27T14:20:27+08:00 ][ info ] [ BEHAVIOR ] Run Closure @app_init [ RunTime:0.000115s ]
[ info ] [ LOG ] INIT File
[ 2018-07-27T14:20:28+08:00 ][ info ] [ CACHE ] INIT Memcache
[ 2018-07-27T14:20:28+08:00 ][ info ] [ BEHAVIOR ] Run Closure @app_init [ RunTime:0.002332s ]
[ 2018-07-27T14:20:28+08:00 ][ info ] [ DB ] INIT mysql
[ 2018-07-27T14:20:28+08:00 ][ sql ] [ DB ] CONNECT:[ UseTime:0.124917s ] mysql:host=120.78.135.109;dbname=crm;charset=utf8
[ 2018-07-27T14:20:28+08:00 ][ sql ] [ SQL ] SHOW TABLE STATUS LIKE 'car_new_inventory' [ RunTime:0.082866s ]
[ 2018-07-27T14:20:28+08:00 ][ sql ] [ SQL ] SHOW TABLE STATUS LIKE 'crm_car_new_inventory' [ RunTime:0.083140s ]
[ 2018-07-27T14:20:28+08:00 ][ sql ] [ SQL ] SHOW TABLE STATUS LIKE 'models' [ RunTime:0.081855s ]
[ 2018-07-27T14:20:28+08:00 ][ sql ] [ SQL ] SHOW TABLE STATUS LIKE 'crm_models' [ RunTime:0.082275s ]
[ 2018-07-27T14:20:28+08:00 ][ sql ] [ SQL ] SELECT * FROM `information_schema`.`columns` WHERE TABLE_SCHEMA = 'crm' AND table_name = 'crm_car_new_inventory' ORDER BY ORDINAL_POSITION [ RunTime:0.084046s ]
[ 2018-07-27T14:20:28+08:00 ][ sql ] [ SQL ] SELECT * FROM `information_schema`.`columns` WHERE TABLE_SCHEMA = 'crm' AND table_name = 'crm_models' ORDER BY ORDINAL_POSITION [ RunTime:0.081927s ]
[ 2018-07-27T14:20:28+08:00 ][ info ] [ BEHAVIOR ] Run Closure @app_init [ RunTime:0.000115s ]
[ info ] [ LOG ] INIT File
[ 2018-07-27T14:20:28+08:00 ][ info ] [ CACHE ] INIT Memcache
[ 2018-07-27T14:20:28+08:00 ][ info ] [ BEHAVIOR ] Run Closure @app_init [ RunTime:0.002286s ]
[ 2018-07-27T14:20:28+08:00 ][ info ] [ DB ] INIT mysql
[ 2018-07-27T14:20:28+08:00 ][ info ] [ LANG ] D:\phpStudy\PHPTutorial\WWW\crm.aicheyide.com\application\admin\lang/zh-cn.php
[ 2018-07-27T14:20:28+08:00 ][ sql ] [ DB ] CONNECT:[ UseTime:0.126437s ] mysql:host=120.78.135.109;dbname=crm;charset=utf8
[ 2018-07-27T14:20:28+08:00 ][ sql ] [ SQL ] SHOW COLUMNS FROM `crm_auth_rule` [ RunTime:0.083953s ]
[ 2018-07-27T14:20:29+08:00 ][ sql ] [ SQL ] SELECT * FROM `crm_auth_rule` WHERE  `name` = 'vehiclemanagement' LIMIT 1 [ RunTime:0.082981s ]
[ 2018-07-27T14:20:29+08:00 ][ sql ] [ SQL ] SELECT * FROM `crm_auth_rule` WHERE  `name` = 'vehiclemanagement/newcars' LIMIT 1 [ RunTime:0.082518s ]
[ 2018-07-27T14:20:29+08:00 ][ sql ] [ SQL ] SELECT `id` FROM `crm_auth_rule` WHERE  `name` = 'vehiclemanagement/newcars/index' LIMIT 1 [ RunTime:0.083048s ]
[ 2018-07-27T14:20:29+08:00 ][ sql ] [ SQL ] SELECT `id` FROM `crm_auth_rule` WHERE  `name` = 'vehiclemanagement/newcars/add' LIMIT 1 [ RunTime:0.082773s ]
[ 2018-07-27T14:20:29+08:00 ][ sql ] [ SQL ] SELECT `id` FROM `crm_auth_rule` WHERE  `name` = 'vehiclemanagement/newcars/edit' LIMIT 1 [ RunTime:0.083358s ]
[ 2018-07-27T14:20:29+08:00 ][ sql ] [ SQL ] SELECT `id` FROM `crm_auth_rule` WHERE  `name` = 'vehiclemanagement/newcars/del' LIMIT 1 [ RunTime:0.081778s ]
[ 2018-07-27T14:20:29+08:00 ][ sql ] [ SQL ] SELECT `id` FROM `crm_auth_rule` WHERE  `name` = 'vehiclemanagement/newcars/multi' LIMIT 1 [ RunTime:0.081529s ]
[ 2018-07-27T14:20:29+08:00 ][ sql ] [ SQL ] INSERT INTO `crm_auth_rule` (`id` , `pid` , `name` , `icon` , `title` , `ismenu` , `status` , `createtime` , `updatetime`) VALUES (NULL , 372 , 'vehiclemanagement/newcars/index' , 'fa fa-circle-o' , '查看' , 0 , 'normal' , 1532672429 , 1532672429) [ RunTime:0.083549s ]
[ 2018-07-27T14:20:29+08:00 ][ sql ] [ SQL ] INSERT INTO `crm_auth_rule` (`id` , `pid` , `name` , `icon` , `title` , `ismenu` , `status` , `createtime` , `updatetime`) VALUES (NULL , 372 , 'vehiclemanagement/newcars/add' , 'fa fa-circle-o' , '添加' , 0 , 'normal' , 1532672429 , 1532672429) [ RunTime:0.041544s ]
[ 2018-07-27T14:20:29+08:00 ][ sql ] [ SQL ] INSERT INTO `crm_auth_rule` (`id` , `pid` , `name` , `icon` , `title` , `ismenu` , `status` , `createtime` , `updatetime`) VALUES (NULL , 372 , 'vehiclemanagement/newcars/edit' , 'fa fa-circle-o' , '编辑' , 0 , 'normal' , 1532672429 , 1532672429) [ RunTime:0.041587s ]
[ 2018-07-27T14:20:29+08:00 ][ sql ] [ SQL ] INSERT INTO `crm_auth_rule` (`id` , `pid` , `name` , `icon` , `title` , `ismenu` , `status` , `createtime` , `updatetime`) VALUES (NULL , 372 , 'vehiclemanagement/newcars/del' , 'fa fa-circle-o' , '删除' , 0 , 'normal' , 1532672429 , 1532672429) [ RunTime:0.040978s ]
[ 2018-07-27T14:20:29+08:00 ][ sql ] [ SQL ] INSERT INTO `crm_auth_rule` (`id` , `pid` , `name` , `icon` , `title` , `ismenu` , `status` , `createtime` , `updatetime`) VALUES (NULL , 372 , 'vehiclemanagement/newcars/multi' , 'fa fa-circle-o' , '批量更新' , 0 , 'normal' , 1532672429 , 1532672429) [ RunTime:0.041717s ]
[ 2018-07-27T15:27:08+08:00 ][ info ] [ BEHAVIOR ] Run Closure @app_init [ RunTime:0.000108s ]
[ info ] [ LOG ] INIT File
[ 2018-07-27T15:27:08+08:00 ][ info ] [ CACHE ] INIT Memcache
[ 2018-07-27T15:27:08+08:00 ][ info ] [ BEHAVIOR ] Run Closure @app_init [ RunTime:0.002254s ]
[ 2018-07-27T15:27:08+08:00 ][ info ] [ DB ] INIT mysql
[ 2018-07-27T15:27:11+08:00 ][ sql ] [ DB ] CONNECT:[ UseTime:3.195349s ] mysql:host=120.78.135.109;dbname=crm;charset=utf8
[ 2018-07-27T15:27:11+08:00 ][ sql ] [ SQL ] SHOW TABLE STATUS LIKE 'car_new_inventory' [ RunTime:0.180590s ]
[ 2018-07-27T15:27:11+08:00 ][ sql ] [ SQL ] SHOW TABLE STATUS LIKE 'crm_car_new_inventory' [ RunTime:0.155421s ]
[ 2018-07-27T15:27:11+08:00 ][ sql ] [ SQL ] SHOW TABLE STATUS LIKE 'models' [ RunTime:0.091469s ]
[ 2018-07-27T15:27:12+08:00 ][ sql ] [ SQL ] SHOW TABLE STATUS LIKE 'crm_models' [ RunTime:0.201146s ]
[ 2018-07-27T15:28:26+08:00 ][ info ] [ BEHAVIOR ] Run Closure @app_init [ RunTime:0.000112s ]
[ info ] [ LOG ] INIT File
[ 2018-07-27T15:28:26+08:00 ][ info ] [ CACHE ] INIT Memcache
[ 2018-07-27T15:28:26+08:00 ][ info ] [ BEHAVIOR ] Run Closure @app_init [ RunTime:0.002360s ]
[ 2018-07-27T15:28:26+08:00 ][ info ] [ DB ] INIT mysql
[ 2018-07-27T15:28:26+08:00 ][ sql ] [ DB ] CONNECT:[ UseTime:0.275246s ] mysql:host=120.78.135.109;dbname=crm;charset=utf8
[ 2018-07-27T15:28:26+08:00 ][ sql ] [ SQL ] SHOW TABLE STATUS LIKE 'car_new_inventory' [ RunTime:0.211823s ]
[ 2018-07-27T15:28:27+08:00 ][ sql ] [ SQL ] SHOW TABLE STATUS LIKE 'crm_car_new_inventory' [ RunTime:0.208574s ]
[ 2018-07-27T15:28:27+08:00 ][ sql ] [ SQL ] SHOW TABLE STATUS LIKE 'models' [ RunTime:0.199463s ]
[ 2018-07-27T15:28:27+08:00 ][ sql ] [ SQL ] SHOW TABLE STATUS LIKE 'crm_models' [ RunTime:0.198456s ]
[ 2018-07-27T15:28:27+08:00 ][ sql ] [ SQL ] SELECT * FROM `information_schema`.`columns` WHERE TABLE_SCHEMA = 'crm' AND table_name = 'crm_car_new_inventory' ORDER BY ORDINAL_POSITION [ RunTime:0.265945s ]
[ 2018-07-27T15:28:27+08:00 ][ sql ] [ SQL ] SELECT * FROM `information_schema`.`columns` WHERE TABLE_SCHEMA = 'crm' AND table_name = 'crm_models' ORDER BY ORDINAL_POSITION [ RunTime:0.177661s ]
[ 2018-07-27T15:28:28+08:00 ][ info ] [ BEHAVIOR ] Run Closure @app_init [ RunTime:0.000111s ]
[ info ] [ LOG ] INIT File
[ 2018-07-27T15:28:28+08:00 ][ info ] [ CACHE ] INIT Memcache
[ 2018-07-27T15:28:28+08:00 ][ info ] [ BEHAVIOR ] Run Closure @app_init [ RunTime:0.002301s ]
[ 2018-07-27T15:28:28+08:00 ][ info ] [ DB ] INIT mysql
[ 2018-07-27T15:28:28+08:00 ][ info ] [ LANG ] D:\phpStudy\PHPTutorial\WWW\crm.aicheyide.com\application\admin\lang/zh-cn.php
[ 2018-07-27T15:28:28+08:00 ][ sql ] [ DB ] CONNECT:[ UseTime:0.301461s ] mysql:host=120.78.135.109;dbname=crm;charset=utf8
[ 2018-07-27T15:28:28+08:00 ][ sql ] [ SQL ] SHOW COLUMNS FROM `crm_auth_rule` [ RunTime:0.186630s ]
[ 2018-07-27T15:28:28+08:00 ][ sql ] [ SQL ] SELECT * FROM `crm_auth_rule` WHERE  `name` = 'newcars' LIMIT 1 [ RunTime:0.448910s ]
[ 2018-07-27T15:28:29+08:00 ][ sql ] [ SQL ] SELECT * FROM `crm_auth_rule` WHERE  `name` = 'newcars/newnventory' LIMIT 1 [ RunTime:0.123974s ]
[ 2018-07-27T15:28:29+08:00 ][ sql ] [ SQL ] SELECT `id` FROM `crm_auth_rule` WHERE  `name` = 'newcars/newnventory/index' LIMIT 1 [ RunTime:0.078890s ]
[ 2018-07-27T15:28:29+08:00 ][ sql ] [ SQL ] SELECT `id` FROM `crm_auth_rule` WHERE  `name` = 'newcars/newnventory/add' LIMIT 1 [ RunTime:0.115254s ]
[ 2018-07-27T15:28:29+08:00 ][ sql ] [ SQL ] SELECT `id` FROM `crm_auth_rule` WHERE  `name` = 'newcars/newnventory/edit' LIMIT 1 [ RunTime:0.078942s ]
[ 2018-07-27T15:28:29+08:00 ][ sql ] [ SQL ] SELECT `id` FROM `crm_auth_rule` WHERE  `name` = 'newcars/newnventory/del' LIMIT 1 [ RunTime:0.078486s ]
[ 2018-07-27T15:28:29+08:00 ][ sql ] [ SQL ] SELECT `id` FROM `crm_auth_rule` WHERE  `name` = 'newcars/newnventory/multi' LIMIT 1 [ RunTime:0.109905s ]
[ 2018-07-27T15:28:29+08:00 ][ sql ] [ SQL ] INSERT INTO `crm_auth_rule` (`id` , `pid` , `name` , `icon` , `title` , `ismenu` , `status` , `createtime` , `updatetime`) VALUES (NULL , 399 , 'newcars/newnventory/index' , 'fa fa-circle-o' , '查看' , 0 , 'normal' , 1532676509 , 1532676509) [ RunTime:0.078171s ]
[ 2018-07-27T15:28:29+08:00 ][ sql ] [ SQL ] INSERT INTO `crm_auth_rule` (`id` , `pid` , `name` , `icon` , `title` , `ismenu` , `status` , `createtime` , `updatetime`) VALUES (NULL , 399 , 'newcars/newnventory/add' , 'fa fa-circle-o' , '添加' , 0 , 'normal' , 1532676509 , 1532676509) [ RunTime:0.037668s ]
[ 2018-07-27T15:28:29+08:00 ][ sql ] [ SQL ] INSERT INTO `crm_auth_rule` (`id` , `pid` , `name` , `icon` , `title` , `ismenu` , `status` , `createtime` , `updatetime`) VALUES (NULL , 399 , 'newcars/newnventory/edit' , 'fa fa-circle-o' , '编辑' , 0 , 'normal' , 1532676509 , 1532676509) [ RunTime:0.039268s ]
[ 2018-07-27T15:28:29+08:00 ][ sql ] [ SQL ] INSERT INTO `crm_auth_rule` (`id` , `pid` , `name` , `icon` , `title` , `ismenu` , `status` , `createtime` , `updatetime`) VALUES (NULL , 399 , 'newcars/newnventory/del' , 'fa fa-circle-o' , '删除' , 0 , 'normal' , 1532676509 , 1532676509) [ RunTime:0.039885s ]
[ 2018-07-27T15:28:29+08:00 ][ sql ] [ SQL ] INSERT INTO `crm_auth_rule` (`id` , `pid` , `name` , `icon` , `title` , `ismenu` , `status` , `createtime` , `updatetime`) VALUES (NULL , 399 , 'newcars/newnventory/multi' , 'fa fa-circle-o' , '批量更新' , 0 , 'normal' , 1532676509 , 1532676509) [ RunTime:0.039416s ]
[ 2018-07-27T15:30:45+08:00 ][ info ] [ BEHAVIOR ] Run Closure @app_init [ RunTime:0.000117s ]
[ info ] [ LOG ] INIT File
[ 2018-07-27T15:30:45+08:00 ][ info ] [ CACHE ] INIT Memcache
[ 2018-07-27T15:30:45+08:00 ][ info ] [ BEHAVIOR ] Run Closure @app_init [ RunTime:0.002369s ]
[ 2018-07-27T15:30:46+08:00 ][ info ] [ DB ] INIT mysql
[ 2018-07-27T15:30:46+08:00 ][ sql ] [ DB ] CONNECT:[ UseTime:0.134637s ] mysql:host=120.78.135.109;dbname=crm;charset=utf8
[ 2018-07-27T15:30:46+08:00 ][ sql ] [ SQL ] SHOW TABLE STATUS LIKE 'car_rental_models_info' [ RunTime:0.087034s ]
[ 2018-07-27T15:30:46+08:00 ][ sql ] [ SQL ] SHOW TABLE STATUS LIKE 'crm_car_rental_models_info' [ RunTime:0.088458s ]
[ 2018-07-27T15:30:46+08:00 ][ sql ] [ SQL ] SHOW TABLE STATUS LIKE 'models' [ RunTime:0.088695s ]
[ 2018-07-27T15:30:46+08:00 ][ sql ] [ SQL ] SHOW TABLE STATUS LIKE 'crm_models' [ RunTime:0.087470s ]
[ 2018-07-27T15:30:46+08:00 ][ sql ] [ SQL ] SELECT * FROM `information_schema`.`columns` WHERE TABLE_SCHEMA = 'crm' AND table_name = 'crm_car_rental_models_info' ORDER BY ORDINAL_POSITION [ RunTime:0.088163s ]
[ 2018-07-27T15:30:46+08:00 ][ sql ] [ SQL ] SELECT * FROM `information_schema`.`columns` WHERE TABLE_SCHEMA = 'crm' AND table_name = 'crm_models' ORDER BY ORDINAL_POSITION [ RunTime:0.088707s ]
[ 2018-07-27T15:30:46+08:00 ][ info ] [ BEHAVIOR ] Run Closure @app_init [ RunTime:0.000108s ]
[ info ] [ LOG ] INIT File
[ 2018-07-27T15:30:46+08:00 ][ info ] [ CACHE ] INIT Memcache
[ 2018-07-27T15:30:46+08:00 ][ info ] [ BEHAVIOR ] Run Closure @app_init [ RunTime:0.002270s ]
[ 2018-07-27T15:30:46+08:00 ][ info ] [ DB ] INIT mysql
[ 2018-07-27T15:30:46+08:00 ][ info ] [ LANG ] D:\phpStudy\PHPTutorial\WWW\crm.aicheyide.com\application\admin\lang/zh-cn.php
[ 2018-07-27T15:30:46+08:00 ][ sql ] [ DB ] CONNECT:[ UseTime:0.134943s ] mysql:host=120.78.135.109;dbname=crm;charset=utf8
[ 2018-07-27T15:30:46+08:00 ][ sql ] [ SQL ] SHOW COLUMNS FROM `crm_auth_rule` [ RunTime:0.088797s ]
[ 2018-07-27T15:30:47+08:00 ][ sql ] [ SQL ] SELECT * FROM `crm_auth_rule` WHERE  `name` = 'rentcar' LIMIT 1 [ RunTime:0.088491s ]
[ 2018-07-27T15:30:47+08:00 ][ sql ] [ SQL ] SELECT * FROM `crm_auth_rule` WHERE  `name` = 'rentcar/vehicleinformation' LIMIT 1 [ RunTime:0.088698s ]
[ 2018-07-27T15:30:47+08:00 ][ sql ] [ SQL ] SELECT `id` FROM `crm_auth_rule` WHERE  `name` = 'rentcar/vehicleinformation/index' LIMIT 1 [ RunTime:0.087550s ]
[ 2018-07-27T15:30:47+08:00 ][ sql ] [ SQL ] SELECT `id` FROM `crm_auth_rule` WHERE  `name` = 'rentcar/vehicleinformation/add' LIMIT 1 [ RunTime:0.087996s ]
[ 2018-07-27T15:30:47+08:00 ][ sql ] [ SQL ] SELECT `id` FROM `crm_auth_rule` WHERE  `name` = 'rentcar/vehicleinformation/edit' LIMIT 1 [ RunTime:0.088561s ]
[ 2018-07-27T15:30:47+08:00 ][ sql ] [ SQL ] SELECT `id` FROM `crm_auth_rule` WHERE  `name` = 'rentcar/vehicleinformation/del' LIMIT 1 [ RunTime:0.087946s ]
[ 2018-07-27T15:30:47+08:00 ][ sql ] [ SQL ] SELECT `id` FROM `crm_auth_rule` WHERE  `name` = 'rentcar/vehicleinformation/multi' LIMIT 1 [ RunTime:0.087894s ]
[ 2018-07-27T15:30:47+08:00 ][ sql ] [ SQL ] INSERT INTO `crm_auth_rule` (`id` , `pid` , `name` , `icon` , `title` , `ismenu` , `status` , `createtime` , `updatetime`) VALUES (NULL , 400 , 'rentcar/vehicleinformation/index' , 'fa fa-circle-o' , '查看' , 0 , 'normal' , 1532676647 , 1532676647) [ RunTime:0.088445s ]
[ 2018-07-27T15:30:47+08:00 ][ sql ] [ SQL ] INSERT INTO `crm_auth_rule` (`id` , `pid` , `name` , `icon` , `title` , `ismenu` , `status` , `createtime` , `updatetime`) VALUES (NULL , 400 , 'rentcar/vehicleinformation/add' , 'fa fa-circle-o' , '添加' , 0 , 'normal' , 1532676647 , 1532676647) [ RunTime:0.044388s ]
[ 2018-07-27T15:30:47+08:00 ][ sql ] [ SQL ] INSERT INTO `crm_auth_rule` (`id` , `pid` , `name` , `icon` , `title` , `ismenu` , `status` , `createtime` , `updatetime`) VALUES (NULL , 400 , 'rentcar/vehicleinformation/edit' , 'fa fa-circle-o' , '编辑' , 0 , 'normal' , 1532676647 , 1532676647) [ RunTime:0.043706s ]
[ 2018-07-27T15:30:47+08:00 ][ sql ] [ SQL ] INSERT INTO `crm_auth_rule` (`id` , `pid` , `name` , `icon` , `title` , `ismenu` , `status` , `createtime` , `updatetime`) VALUES (NULL , 400 , 'rentcar/vehicleinformation/del' , 'fa fa-circle-o' , '删除' , 0 , 'normal' , 1532676647 , 1532676647) [ RunTime:0.043666s ]
[ 2018-07-27T15:30:47+08:00 ][ sql ] [ SQL ] INSERT INTO `crm_auth_rule` (`id` , `pid` , `name` , `icon` , `title` , `ismenu` , `status` , `createtime` , `updatetime`) VALUES (NULL , 400 , 'rentcar/vehicleinformation/multi' , 'fa fa-circle-o' , '批量更新' , 0 , 'normal' , 1532676647 , 1532676647) [ RunTime:0.044371s ]
[ 2018-07-27T15:32:38+08:00 ][ info ] [ BEHAVIOR ] Run Closure @app_init [ RunTime:0.000134s ]
[ info ] [ LOG ] INIT File
[ 2018-07-27T15:32:38+08:00 ][ info ] [ CACHE ] INIT Memcache
[ 2018-07-27T15:32:38+08:00 ][ info ] [ BEHAVIOR ] Run Closure @app_init [ RunTime:0.002267s ]
[ 2018-07-27T15:32:38+08:00 ][ info ] [ DB ] INIT mysql
[ 2018-07-27T15:32:38+08:00 ][ sql ] [ DB ] CONNECT:[ UseTime:0.140107s ] mysql:host=120.78.135.109;dbname=crm;charset=utf8
[ 2018-07-27T15:32:39+08:00 ][ sql ] [ SQL ] SHOW TABLE STATUS LIKE 'secondcar_rental_models_info' [ RunTime:0.091886s ]
[ 2018-07-27T15:32:39+08:00 ][ sql ] [ SQL ] SHOW TABLE STATUS LIKE 'crm_secondcar_rental_models_info' [ RunTime:0.091543s ]
[ 2018-07-27T15:32:39+08:00 ][ sql ] [ SQL ] SHOW TABLE STATUS LIKE 'models' [ RunTime:0.091675s ]
[ 2018-07-27T15:32:39+08:00 ][ sql ] [ SQL ] SHOW TABLE STATUS LIKE 'crm_models' [ RunTime:0.092091s ]
[ 2018-07-27T15:32:39+08:00 ][ sql ] [ SQL ] SELECT * FROM `information_schema`.`columns` WHERE TABLE_SCHEMA = 'crm' AND table_name = 'crm_secondcar_rental_models_info' ORDER BY ORDINAL_POSITION [ RunTime:0.092434s ]
[ 2018-07-27T15:32:39+08:00 ][ sql ] [ SQL ] SELECT * FROM `information_schema`.`columns` WHERE TABLE_SCHEMA = 'crm' AND table_name = 'crm_models' ORDER BY ORDINAL_POSITION [ RunTime:0.092348s ]
[ 2018-07-27T15:32:39+08:00 ][ info ] [ BEHAVIOR ] Run Closure @app_init [ RunTime:0.000110s ]
[ info ] [ LOG ] INIT File
[ 2018-07-27T15:32:39+08:00 ][ info ] [ CACHE ] INIT Memcache
[ 2018-07-27T15:32:39+08:00 ][ info ] [ BEHAVIOR ] Run Closure @app_init [ RunTime:0.002276s ]
[ 2018-07-27T15:32:39+08:00 ][ info ] [ DB ] INIT mysql
[ 2018-07-27T15:32:39+08:00 ][ info ] [ LANG ] D:\phpStudy\PHPTutorial\WWW\crm.aicheyide.com\application\admin\lang/zh-cn.php
[ 2018-07-27T15:32:39+08:00 ][ sql ] [ DB ] CONNECT:[ UseTime:0.108306s ] mysql:host=120.78.135.109;dbname=crm;charset=utf8
[ 2018-07-27T15:32:39+08:00 ][ sql ] [ SQL ] SHOW COLUMNS FROM `crm_auth_rule` [ RunTime:0.071582s ]
[ 2018-07-27T15:32:39+08:00 ][ sql ] [ SQL ] SELECT * FROM `crm_auth_rule` WHERE  `name` = 'secondhandcar' LIMIT 1 [ RunTime:0.072068s ]
[ 2018-07-27T15:32:39+08:00 ][ sql ] [ SQL ] SELECT * FROM `crm_auth_rule` WHERE  `name` = 'secondhandcar/secondvehicleinformation' LIMIT 1 [ RunTime:0.071193s ]
[ 2018-07-27T15:32:40+08:00 ][ sql ] [ SQL ] SELECT `id` FROM `crm_auth_rule` WHERE  `name` = 'secondhandcar/secondvehicleinformation/index' LIMIT 1 [ RunTime:0.071840s ]
[ 2018-07-27T15:32:40+08:00 ][ sql ] [ SQL ] SELECT `id` FROM `crm_auth_rule` WHERE  `name` = 'secondhandcar/secondvehicleinformation/add' LIMIT 1 [ RunTime:0.071096s ]
[ 2018-07-27T15:32:40+08:00 ][ sql ] [ SQL ] SELECT `id` FROM `crm_auth_rule` WHERE  `name` = 'secondhandcar/secondvehicleinformation/edit' LIMIT 1 [ RunTime:0.071311s ]
[ 2018-07-27T15:32:40+08:00 ][ sql ] [ SQL ] SELECT `id` FROM `crm_auth_rule` WHERE  `name` = 'secondhandcar/secondvehicleinformation/del' LIMIT 1 [ RunTime:0.071084s ]
[ 2018-07-27T15:32:40+08:00 ][ sql ] [ SQL ] SELECT `id` FROM `crm_auth_rule` WHERE  `name` = 'secondhandcar/secondvehicleinformation/multi' LIMIT 1 [ RunTime:0.071767s ]
[ 2018-07-27T15:32:40+08:00 ][ sql ] [ SQL ] INSERT INTO `crm_auth_rule` (`id` , `pid` , `name` , `icon` , `title` , `ismenu` , `status` , `createtime` , `updatetime`) VALUES (NULL , 401 , 'secondhandcar/secondvehicleinformation/index' , 'fa fa-circle-o' , '查看' , 0 , 'normal' , 1532676760 , 1532676760) [ RunTime:0.070677s ]
[ 2018-07-27T15:32:40+08:00 ][ sql ] [ SQL ] INSERT INTO `crm_auth_rule` (`id` , `pid` , `name` , `icon` , `title` , `ismenu` , `status` , `createtime` , `updatetime`) VALUES (NULL , 401 , 'secondhandcar/secondvehicleinformation/add' , 'fa fa-circle-o' , '添加' , 0 , 'normal' , 1532676760 , 1532676760) [ RunTime:0.035968s ]
[ 2018-07-27T15:32:40+08:00 ][ sql ] [ SQL ] INSERT INTO `crm_auth_rule` (`id` , `pid` , `name` , `icon` , `title` , `ismenu` , `status` , `createtime` , `updatetime`) VALUES (NULL , 401 , 'secondhandcar/secondvehicleinformation/edit' , 'fa fa-circle-o' , '编辑' , 0 , 'normal' , 1532676760 , 1532676760) [ RunTime:0.035266s ]
[ 2018-07-27T15:32:40+08:00 ][ sql ] [ SQL ] INSERT INTO `crm_auth_rule` (`id` , `pid` , `name` , `icon` , `title` , `ismenu` , `status` , `createtime` , `updatetime`) VALUES (NULL , 401 , 'secondhandcar/secondvehicleinformation/del' , 'fa fa-circle-o' , '删除' , 0 , 'normal' , 1532676760 , 1532676760) [ RunTime:0.035381s ]
[ 2018-07-27T15:32:40+08:00 ][ sql ] [ SQL ] INSERT INTO `crm_auth_rule` (`id` , `pid` , `name` , `icon` , `title` , `ismenu` , `status` , `createtime` , `updatetime`) VALUES (NULL , 401 , 'secondhandcar/secondvehicleinformation/multi' , 'fa fa-circle-o' , '批量更新' , 0 , 'normal' , 1532676760 , 1532676760) [ RunTime:0.035897s ]
