[ 2018-07-30T10:59:29+08:00 ][ info ] [ BEHAVIOR ] Run Closure @app_init [ RunTime:0.000119s ]
[ info ] [ LOG ] INIT File
[ 2018-07-30T10:59:29+08:00 ][ info ] [ CACHE ] INIT Memcache
[ 2018-07-30T10:59:29+08:00 ][ info ] [ BEHAVIOR ] Run Closure @app_init [ RunTime:0.002598s ]
[ 2018-07-30T10:59:29+08:00 ][ info ] [ DB ] INIT mysql
[ 2018-07-30T10:59:29+08:00 ][ sql ] [ DB ] CONNECT:[ UseTime:0.131205s ] mysql:host=120.78.135.109;dbname=crm;charset=utf8
[ 2018-07-30T10:59:29+08:00 ][ sql ] [ SQL ] SHOW TABLE STATUS LIKE 'customer_downpayment' [ RunTime:0.087260s ]
[ 2018-07-30T10:59:29+08:00 ][ sql ] [ SQL ] SHOW TABLE STATUS LIKE 'crm_customer_downpayment' [ RunTime:0.087633s ]
[ 2018-07-30T10:59:29+08:00 ][ sql ] [ SQL ] SELECT * FROM `information_schema`.`columns` WHERE TABLE_SCHEMA = 'crm' AND table_name = 'crm_customer_downpayment' ORDER BY ORDINAL_POSITION [ RunTime:0.086645s ]
[ 2018-07-30T10:59:29+08:00 ][ info ] [ BEHAVIOR ] Run Closure @app_init [ RunTime:0.000110s ]
[ info ] [ LOG ] INIT File
[ 2018-07-30T10:59:29+08:00 ][ info ] [ CACHE ] INIT Memcache
[ 2018-07-30T10:59:29+08:00 ][ info ] [ BEHAVIOR ] Run Closure @app_init [ RunTime:0.002295s ]
[ 2018-07-30T10:59:29+08:00 ][ info ] [ DB ] INIT mysql
[ 2018-07-30T10:59:29+08:00 ][ info ] [ LANG ] D:\phpStudy\PHPTutorial\WWW\crm.aicheyide.com\application\admin\lang/zh-cn.php
[ 2018-07-30T10:59:29+08:00 ][ sql ] [ DB ] CONNECT:[ UseTime:0.123199s ] mysql:host=120.78.135.109;dbname=crm;charset=utf8
[ 2018-07-30T10:59:29+08:00 ][ sql ] [ SQL ] SHOW COLUMNS FROM `crm_auth_rule` [ RunTime:0.081202s ]
[ 2018-07-30T10:59:29+08:00 ][ sql ] [ SQL ] SELECT * FROM `crm_auth_rule` WHERE  `name` = 'backoffice' LIMIT 1 [ RunTime:0.079675s ]
[ 2018-07-30T10:59:30+08:00 ][ sql ] [ SQL ] SELECT * FROM `crm_auth_rule` WHERE  `name` = 'backoffice/depositmanage' LIMIT 1 [ RunTime:0.081059s ]
[ 2018-07-30T10:59:30+08:00 ][ sql ] [ SQL ] SELECT `id` FROM `crm_auth_rule` WHERE  `name` = 'backoffice/depositmanage/index' LIMIT 1 [ RunTime:0.078907s ]
[ 2018-07-30T10:59:30+08:00 ][ sql ] [ SQL ] SELECT `id` FROM `crm_auth_rule` WHERE  `name` = 'backoffice/depositmanage/add' LIMIT 1 [ RunTime:0.079916s ]
[ 2018-07-30T10:59:30+08:00 ][ sql ] [ SQL ] SELECT `id` FROM `crm_auth_rule` WHERE  `name` = 'backoffice/depositmanage/edit' LIMIT 1 [ RunTime:0.080606s ]
[ 2018-07-30T10:59:30+08:00 ][ sql ] [ SQL ] SELECT `id` FROM `crm_auth_rule` WHERE  `name` = 'backoffice/depositmanage/del' LIMIT 1 [ RunTime:0.079143s ]
[ 2018-07-30T10:59:30+08:00 ][ sql ] [ SQL ] SELECT `id` FROM `crm_auth_rule` WHERE  `name` = 'backoffice/depositmanage/multi' LIMIT 1 [ RunTime:0.079077s ]
[ 2018-07-30T10:59:30+08:00 ][ sql ] [ SQL ] INSERT INTO `crm_auth_rule` (`id` , `pid` , `name` , `icon` , `title` , `ismenu` , `status` , `createtime` , `updatetime`) VALUES (NULL , 329 , 'backoffice/depositmanage/index' , 'fa fa-circle-o' , '查看' , 0 , 'normal' , 1532919570 , 1532919570) [ RunTime:0.081067s ]
[ 2018-07-30T10:59:30+08:00 ][ sql ] [ SQL ] INSERT INTO `crm_auth_rule` (`id` , `pid` , `name` , `icon` , `title` , `ismenu` , `status` , `createtime` , `updatetime`) VALUES (NULL , 329 , 'backoffice/depositmanage/add' , 'fa fa-circle-o' , '添加' , 0 , 'normal' , 1532919570 , 1532919570) [ RunTime:0.040049s ]
[ 2018-07-30T10:59:30+08:00 ][ sql ] [ SQL ] INSERT INTO `crm_auth_rule` (`id` , `pid` , `name` , `icon` , `title` , `ismenu` , `status` , `createtime` , `updatetime`) VALUES (NULL , 329 , 'backoffice/depositmanage/edit' , 'fa fa-circle-o' , '编辑' , 0 , 'normal' , 1532919570 , 1532919570) [ RunTime:0.039967s ]
[ 2018-07-30T10:59:30+08:00 ][ sql ] [ SQL ] INSERT INTO `crm_auth_rule` (`id` , `pid` , `name` , `icon` , `title` , `ismenu` , `status` , `createtime` , `updatetime`) VALUES (NULL , 329 , 'backoffice/depositmanage/del' , 'fa fa-circle-o' , '删除' , 0 , 'normal' , 1532919570 , 1532919570) [ RunTime:0.040291s ]
[ 2018-07-30T10:59:30+08:00 ][ sql ] [ SQL ] INSERT INTO `crm_auth_rule` (`id` , `pid` , `name` , `icon` , `title` , `ismenu` , `status` , `createtime` , `updatetime`) VALUES (NULL , 329 , 'backoffice/depositmanage/multi' , 'fa fa-circle-o' , '批量更新' , 0 , 'normal' , 1532919570 , 1532919570) [ RunTime:0.040619s ]
[ 2018-07-30T11:16:29+08:00 ][ info ] [ BEHAVIOR ] Run Closure @app_init [ RunTime:0.000118s ]
[ info ] [ LOG ] INIT File
[ 2018-07-30T11:16:29+08:00 ][ info ] [ CACHE ] INIT Memcache
[ 2018-07-30T11:16:29+08:00 ][ info ] [ BEHAVIOR ] Run Closure @app_init [ RunTime:0.002588s ]
[ 2018-07-30T11:16:29+08:00 ][ info ] [ DB ] INIT mysql
[ 2018-07-30T11:16:29+08:00 ][ sql ] [ DB ] CONNECT:[ UseTime:0.133322s ] mysql:host=120.78.135.109;dbname=crm;charset=utf8
[ 2018-07-30T11:16:29+08:00 ][ sql ] [ SQL ] SHOW TABLE STATUS LIKE 'customer_downpayment' [ RunTime:0.086920s ]
[ 2018-07-30T11:16:29+08:00 ][ sql ] [ SQL ] SHOW TABLE STATUS LIKE 'crm_customer_downpayment' [ RunTime:0.086856s ]
[ 2018-07-30T11:16:29+08:00 ][ sql ] [ SQL ] SHOW TABLE STATUS LIKE 'sales_order' [ RunTime:0.087172s ]
[ 2018-07-30T11:16:29+08:00 ][ sql ] [ SQL ] SHOW TABLE STATUS LIKE 'crm_sales_order' [ RunTime:0.086837s ]
[ 2018-07-30T11:16:29+08:00 ][ sql ] [ SQL ] SHOW TABLE STATUS LIKE 'plan_acar' [ RunTime:0.086956s ]
[ 2018-07-30T11:16:29+08:00 ][ sql ] [ SQL ] SHOW TABLE STATUS LIKE 'crm_plan_acar' [ RunTime:0.086900s ]
[ 2018-07-30T11:16:29+08:00 ][ sql ] [ SQL ] SELECT * FROM `information_schema`.`columns` WHERE TABLE_SCHEMA = 'crm' AND table_name = 'crm_customer_downpayment' ORDER BY ORDINAL_POSITION [ RunTime:0.099038s ]
[ 2018-07-30T11:16:29+08:00 ][ sql ] [ SQL ] SELECT * FROM `information_schema`.`columns` WHERE TABLE_SCHEMA = 'crm' AND table_name = 'crm_sales_order' ORDER BY ORDINAL_POSITION [ RunTime:0.087909s ]
[ 2018-07-30T11:16:30+08:00 ][ sql ] [ SQL ] SELECT * FROM `information_schema`.`columns` WHERE TABLE_SCHEMA = 'crm' AND table_name = 'crm_plan_acar' ORDER BY ORDINAL_POSITION [ RunTime:0.086767s ]
[ 2018-07-30T11:16:30+08:00 ][ info ] [ BEHAVIOR ] Run Closure @app_init [ RunTime:0.000129s ]
[ info ] [ LOG ] INIT File
[ 2018-07-30T11:16:30+08:00 ][ info ] [ CACHE ] INIT Memcache
[ 2018-07-30T11:16:30+08:00 ][ info ] [ BEHAVIOR ] Run Closure @app_init [ RunTime:0.002337s ]
[ 2018-07-30T11:16:30+08:00 ][ info ] [ DB ] INIT mysql
[ 2018-07-30T11:16:30+08:00 ][ info ] [ LANG ] D:\phpStudy\PHPTutorial\WWW\crm.aicheyide.com\application\admin\lang/zh-cn.php
[ 2018-07-30T11:16:30+08:00 ][ sql ] [ DB ] CONNECT:[ UseTime:0.122374s ] mysql:host=120.78.135.109;dbname=crm;charset=utf8
[ 2018-07-30T11:16:30+08:00 ][ sql ] [ SQL ] SHOW COLUMNS FROM `crm_auth_rule` [ RunTime:0.081166s ]
[ 2018-07-30T11:16:30+08:00 ][ sql ] [ SQL ] SELECT * FROM `crm_auth_rule` WHERE  `name` = 'backoffice' LIMIT 1 [ RunTime:0.081166s ]
[ 2018-07-30T11:16:30+08:00 ][ sql ] [ SQL ] SELECT * FROM `crm_auth_rule` WHERE  `name` = 'backoffice/depositmanage' LIMIT 1 [ RunTime:0.082143s ]
[ 2018-07-30T11:16:30+08:00 ][ sql ] [ SQL ] SELECT `id` FROM `crm_auth_rule` WHERE  `name` = 'backoffice/depositmanage/index' LIMIT 1 [ RunTime:0.081118s ]
[ 2018-07-30T11:16:30+08:00 ][ sql ] [ SQL ] SELECT `id` FROM `crm_auth_rule` WHERE  `name` = 'backoffice/depositmanage/add' LIMIT 1 [ RunTime:0.079242s ]
[ 2018-07-30T11:16:30+08:00 ][ sql ] [ SQL ] SELECT `id` FROM `crm_auth_rule` WHERE  `name` = 'backoffice/depositmanage/edit' LIMIT 1 [ RunTime:0.081382s ]
[ 2018-07-30T11:16:30+08:00 ][ sql ] [ SQL ] SELECT `id` FROM `crm_auth_rule` WHERE  `name` = 'backoffice/depositmanage/del' LIMIT 1 [ RunTime:0.079768s ]
[ 2018-07-30T11:16:30+08:00 ][ sql ] [ SQL ] SELECT `id` FROM `crm_auth_rule` WHERE  `name` = 'backoffice/depositmanage/multi' LIMIT 1 [ RunTime:0.081387s ]
[ 2018-07-30T11:16:31+08:00 ][ sql ] [ SQL ] UPDATE `crm_auth_rule`  SET `pid`=329,`name`='backoffice/depositmanage/index',`icon`='fa fa-circle-o',`title`='查看',`ismenu`=0,`status`='normal',`updatetime`=1532920590  WHERE  `id` = 424 [ RunTime:0.080784s ]
[ 2018-07-30T11:16:31+08:00 ][ sql ] [ SQL ] UPDATE `crm_auth_rule`  SET `pid`=329,`name`='backoffice/depositmanage/add',`icon`='fa fa-circle-o',`title`='添加',`ismenu`=0,`status`='normal',`updatetime`=1532920591  WHERE  `id` = 425 [ RunTime:0.040381s ]
[ 2018-07-30T11:16:31+08:00 ][ sql ] [ SQL ] UPDATE `crm_auth_rule`  SET `pid`=329,`name`='backoffice/depositmanage/edit',`icon`='fa fa-circle-o',`title`='编辑',`ismenu`=0,`status`='normal',`updatetime`=1532920591  WHERE  `id` = 426 [ RunTime:0.040643s ]
[ 2018-07-30T11:16:31+08:00 ][ sql ] [ SQL ] UPDATE `crm_auth_rule`  SET `pid`=329,`name`='backoffice/depositmanage/del',`icon`='fa fa-circle-o',`title`='删除',`ismenu`=0,`status`='normal',`updatetime`=1532920591  WHERE  `id` = 427 [ RunTime:0.040478s ]
[ 2018-07-30T11:16:31+08:00 ][ sql ] [ SQL ] UPDATE `crm_auth_rule`  SET `pid`=329,`name`='backoffice/depositmanage/multi',`icon`='fa fa-circle-o',`title`='批量更新',`ismenu`=0,`status`='normal',`updatetime`=1532920591  WHERE  `id` = 428 [ RunTime:0.040602s ]
[ 2018-07-30T14:15:12+08:00 ][ info ] [ BEHAVIOR ] Run Closure @app_init [ RunTime:0.000128s ]
[ info ] [ LOG ] INIT File
[ 2018-07-30T14:15:12+08:00 ][ info ] [ CACHE ] INIT Memcache
[ 2018-07-30T14:15:12+08:00 ][ info ] [ BEHAVIOR ] Run Closure @app_init [ RunTime:0.004264s ]
[ 2018-07-30T14:15:12+08:00 ][ info ] [ DB ] INIT mysql
[ 2018-07-30T14:15:12+08:00 ][ sql ] [ DB ] CONNECT:[ UseTime:0.112297s ] mysql:host=120.78.135.109;dbname=crm;charset=utf8
[ 2018-07-30T14:15:12+08:00 ][ sql ] [ SQL ] SHOW TABLE STATUS LIKE 'customer_downpayment' [ RunTime:0.074165s ]
[ 2018-07-30T14:15:12+08:00 ][ sql ] [ SQL ] SHOW TABLE STATUS LIKE 'crm_customer_downpayment' [ RunTime:0.074413s ]
[ 2018-07-30T14:15:12+08:00 ][ sql ] [ SQL ] SHOW TABLE STATUS LIKE 'plan_acar' [ RunTime:0.074019s ]
[ 2018-07-30T14:15:12+08:00 ][ sql ] [ SQL ] SHOW TABLE STATUS LIKE 'crm_plan_acar' [ RunTime:0.074257s ]
[ 2018-07-30T14:15:13+08:00 ][ sql ] [ SQL ] SHOW TABLE STATUS LIKE 'sales_order' [ RunTime:0.073538s ]
[ 2018-07-30T14:15:13+08:00 ][ sql ] [ SQL ] SHOW TABLE STATUS LIKE 'crm_sales_order' [ RunTime:0.073773s ]
[ 2018-07-30T14:15:13+08:00 ][ sql ] [ SQL ] SELECT * FROM `information_schema`.`columns` WHERE TABLE_SCHEMA = 'crm' AND table_name = 'crm_customer_downpayment' ORDER BY ORDINAL_POSITION [ RunTime:0.074557s ]
[ 2018-07-30T14:15:13+08:00 ][ sql ] [ SQL ] SELECT * FROM `information_schema`.`columns` WHERE TABLE_SCHEMA = 'crm' AND table_name = 'crm_plan_acar' ORDER BY ORDINAL_POSITION [ RunTime:0.074232s ]
[ 2018-07-30T14:15:13+08:00 ][ sql ] [ SQL ] SELECT * FROM `information_schema`.`columns` WHERE TABLE_SCHEMA = 'crm' AND table_name = 'crm_sales_order' ORDER BY ORDINAL_POSITION [ RunTime:0.074608s ]
[ 2018-07-30T14:15:13+08:00 ][ info ] [ BEHAVIOR ] Run Closure @app_init [ RunTime:0.000119s ]
[ info ] [ LOG ] INIT File
[ 2018-07-30T14:15:13+08:00 ][ info ] [ CACHE ] INIT Memcache
[ 2018-07-30T14:15:13+08:00 ][ info ] [ BEHAVIOR ] Run Closure @app_init [ RunTime:0.004173s ]
[ 2018-07-30T14:15:13+08:00 ][ info ] [ DB ] INIT mysql
[ 2018-07-30T14:15:13+08:00 ][ info ] [ LANG ] D:\phpStudy\PHPTutorial\WWW\crm.aicheyide.com\application\admin\lang/zh-cn.php
[ 2018-07-30T14:15:13+08:00 ][ sql ] [ DB ] CONNECT:[ UseTime:0.125051s ] mysql:host=120.78.135.109;dbname=crm;charset=utf8
[ 2018-07-30T14:15:13+08:00 ][ sql ] [ SQL ] SHOW COLUMNS FROM `crm_auth_rule` [ RunTime:0.080328s ]
[ 2018-07-30T14:15:13+08:00 ][ sql ] [ SQL ] SELECT * FROM `crm_auth_rule` WHERE  `name` = 'backoffice' LIMIT 1 [ RunTime:0.080267s ]
[ 2018-07-30T14:15:13+08:00 ][ sql ] [ SQL ] SELECT * FROM `crm_auth_rule` WHERE  `name` = 'backoffice/depositmanage' LIMIT 1 [ RunTime:0.077678s ]
[ 2018-07-30T14:15:13+08:00 ][ sql ] [ SQL ] SELECT `id` FROM `crm_auth_rule` WHERE  `name` = 'backoffice/depositmanage/index' LIMIT 1 [ RunTime:0.080343s ]
[ 2018-07-30T14:15:13+08:00 ][ sql ] [ SQL ] SELECT `id` FROM `crm_auth_rule` WHERE  `name` = 'backoffice/depositmanage/add' LIMIT 1 [ RunTime:0.080129s ]
[ 2018-07-30T14:15:14+08:00 ][ sql ] [ SQL ] SELECT `id` FROM `crm_auth_rule` WHERE  `name` = 'backoffice/depositmanage/edit' LIMIT 1 [ RunTime:0.079722s ]
[ 2018-07-30T14:15:14+08:00 ][ sql ] [ SQL ] SELECT `id` FROM `crm_auth_rule` WHERE  `name` = 'backoffice/depositmanage/del' LIMIT 1 [ RunTime:0.079686s ]
[ 2018-07-30T14:15:14+08:00 ][ sql ] [ SQL ] SELECT `id` FROM `crm_auth_rule` WHERE  `name` = 'backoffice/depositmanage/multi' LIMIT 1 [ RunTime:0.079811s ]
[ 2018-07-30T14:15:14+08:00 ][ sql ] [ SQL ] UPDATE `crm_auth_rule`  SET `pid`=329,`name`='backoffice/depositmanage/index',`icon`='fa fa-circle-o',`title`='查看',`ismenu`=0,`status`='normal',`updatetime`=1532931314  WHERE  `id` = 424 [ RunTime:0.080838s ]
[ 2018-07-30T14:15:14+08:00 ][ sql ] [ SQL ] UPDATE `crm_auth_rule`  SET `pid`=329,`name`='backoffice/depositmanage/add',`icon`='fa fa-circle-o',`title`='添加',`ismenu`=0,`status`='normal',`updatetime`=1532931314  WHERE  `id` = 425 [ RunTime:0.039895s ]
[ 2018-07-30T14:15:14+08:00 ][ sql ] [ SQL ] UPDATE `crm_auth_rule`  SET `pid`=329,`name`='backoffice/depositmanage/edit',`icon`='fa fa-circle-o',`title`='编辑',`ismenu`=0,`status`='normal',`updatetime`=1532931314  WHERE  `id` = 426 [ RunTime:0.039785s ]
[ 2018-07-30T14:15:14+08:00 ][ sql ] [ SQL ] UPDATE `crm_auth_rule`  SET `pid`=329,`name`='backoffice/depositmanage/del',`icon`='fa fa-circle-o',`title`='删除',`ismenu`=0,`status`='normal',`updatetime`=1532931314  WHERE  `id` = 427 [ RunTime:0.039944s ]
[ 2018-07-30T14:15:14+08:00 ][ sql ] [ SQL ] UPDATE `crm_auth_rule`  SET `pid`=329,`name`='backoffice/depositmanage/multi',`icon`='fa fa-circle-o',`title`='批量更新',`ismenu`=0,`status`='normal',`updatetime`=1532931314  WHERE  `id` = 428 [ RunTime:0.040535s ]
[ 2018-07-30T14:28:03+08:00 ][ info ] [ BEHAVIOR ] Run Closure @app_init [ RunTime:0.000133s ]
[ info ] [ LOG ] INIT File
[ 2018-07-30T14:28:03+08:00 ][ info ] [ CACHE ] INIT Memcache
[ 2018-07-30T14:28:03+08:00 ][ info ] [ BEHAVIOR ] Run Closure @app_init [ RunTime:0.004144s ]
[ 2018-07-30T14:28:03+08:00 ][ info ] [ DB ] INIT mysql
[ 2018-07-30T14:28:03+08:00 ][ sql ] [ DB ] CONNECT:[ UseTime:0.121374s ] mysql:host=120.78.135.109;dbname=crm;charset=utf8
[ 2018-07-30T14:28:03+08:00 ][ sql ] [ SQL ] SHOW TABLE STATUS LIKE 'customer_downpayment' [ RunTime:0.078285s ]
[ 2018-07-30T14:28:03+08:00 ][ sql ] [ SQL ] SHOW TABLE STATUS LIKE 'crm_customer_downpayment' [ RunTime:0.078710s ]
[ 2018-07-30T14:28:03+08:00 ][ sql ] [ SQL ] SELECT * FROM `information_schema`.`columns` WHERE TABLE_SCHEMA = 'crm' AND table_name = 'crm_customer_downpayment' ORDER BY ORDINAL_POSITION [ RunTime:0.079539s ]
[ 2018-07-30T14:28:03+08:00 ][ info ] [ BEHAVIOR ] Run Closure @app_init [ RunTime:0.000120s ]
[ info ] [ LOG ] INIT File
[ 2018-07-30T14:28:03+08:00 ][ info ] [ CACHE ] INIT Memcache
[ 2018-07-30T14:28:03+08:00 ][ info ] [ BEHAVIOR ] Run Closure @app_init [ RunTime:0.004092s ]
[ 2018-07-30T14:28:03+08:00 ][ info ] [ DB ] INIT mysql
[ 2018-07-30T14:28:03+08:00 ][ info ] [ LANG ] D:\phpStudy\PHPTutorial\WWW\crm.aicheyide.com\application\admin\lang/zh-cn.php
[ 2018-07-30T14:28:03+08:00 ][ sql ] [ DB ] CONNECT:[ UseTime:0.130091s ] mysql:host=120.78.135.109;dbname=crm;charset=utf8
[ 2018-07-30T14:28:03+08:00 ][ sql ] [ SQL ] SHOW COLUMNS FROM `crm_auth_rule` [ RunTime:0.085509s ]
[ 2018-07-30T14:28:04+08:00 ][ sql ] [ SQL ] SELECT * FROM `crm_auth_rule` WHERE  `name` = 'backoffice' LIMIT 1 [ RunTime:0.083666s ]
[ 2018-07-30T14:28:04+08:00 ][ sql ] [ SQL ] SELECT * FROM `crm_auth_rule` WHERE  `name` = 'backoffice/depositmanage' LIMIT 1 [ RunTime:0.085438s ]
[ 2018-07-30T14:28:04+08:00 ][ sql ] [ SQL ] SELECT `id` FROM `crm_auth_rule` WHERE  `name` = 'backoffice/depositmanage/index' LIMIT 1 [ RunTime:0.083455s ]
[ 2018-07-30T14:28:04+08:00 ][ sql ] [ SQL ] SELECT `id` FROM `crm_auth_rule` WHERE  `name` = 'backoffice/depositmanage/add' LIMIT 1 [ RunTime:0.083812s ]
[ 2018-07-30T14:28:04+08:00 ][ sql ] [ SQL ] SELECT `id` FROM `crm_auth_rule` WHERE  `name` = 'backoffice/depositmanage/edit' LIMIT 1 [ RunTime:0.084704s ]
[ 2018-07-30T14:28:04+08:00 ][ sql ] [ SQL ] SELECT `id` FROM `crm_auth_rule` WHERE  `name` = 'backoffice/depositmanage/del' LIMIT 1 [ RunTime:0.085286s ]
[ 2018-07-30T14:28:04+08:00 ][ sql ] [ SQL ] SELECT `id` FROM `crm_auth_rule` WHERE  `name` = 'backoffice/depositmanage/multi' LIMIT 1 [ RunTime:0.084322s ]
[ 2018-07-30T14:28:04+08:00 ][ sql ] [ SQL ] UPDATE `crm_auth_rule`  SET `pid`=329,`name`='backoffice/depositmanage/index',`icon`='fa fa-circle-o',`title`='查看',`ismenu`=0,`status`='normal',`updatetime`=1532932084  WHERE  `id` = 424 [ RunTime:0.085414s ]
[ 2018-07-30T14:28:04+08:00 ][ sql ] [ SQL ] UPDATE `crm_auth_rule`  SET `pid`=329,`name`='backoffice/depositmanage/add',`icon`='fa fa-circle-o',`title`='添加',`ismenu`=0,`status`='normal',`updatetime`=1532932084  WHERE  `id` = 425 [ RunTime:0.042511s ]
[ 2018-07-30T14:28:04+08:00 ][ sql ] [ SQL ] UPDATE `crm_auth_rule`  SET `pid`=329,`name`='backoffice/depositmanage/edit',`icon`='fa fa-circle-o',`title`='编辑',`ismenu`=0,`status`='normal',`updatetime`=1532932084  WHERE  `id` = 426 [ RunTime:0.042501s ]
[ 2018-07-30T14:28:04+08:00 ][ sql ] [ SQL ] UPDATE `crm_auth_rule`  SET `pid`=329,`name`='backoffice/depositmanage/del',`icon`='fa fa-circle-o',`title`='删除',`ismenu`=0,`status`='normal',`updatetime`=1532932084  WHERE  `id` = 427 [ RunTime:0.042404s ]
[ 2018-07-30T14:28:04+08:00 ][ sql ] [ SQL ] UPDATE `crm_auth_rule`  SET `pid`=329,`name`='backoffice/depositmanage/multi',`icon`='fa fa-circle-o',`title`='批量更新',`ismenu`=0,`status`='normal',`updatetime`=1532932084  WHERE  `id` = 428 [ RunTime:0.042274s ]
[ 2018-07-30T14:39:19+08:00 ][ info ] [ BEHAVIOR ] Run Closure @app_init [ RunTime:0.000123s ]
[ info ] [ LOG ] INIT File
[ 2018-07-30T14:39:19+08:00 ][ info ] [ CACHE ] INIT Memcache
[ 2018-07-30T14:39:19+08:00 ][ info ] [ BEHAVIOR ] Run Closure @app_init [ RunTime:0.004046s ]
[ 2018-07-30T14:39:19+08:00 ][ info ] [ DB ] INIT mysql
[ 2018-07-30T14:39:20+08:00 ][ sql ] [ DB ] CONNECT:[ UseTime:0.113006s ] mysql:host=120.78.135.109;dbname=crm;charset=utf8
[ 2018-07-30T14:39:20+08:00 ][ sql ] [ SQL ] SHOW TABLE STATUS LIKE 'customer_downpayment' [ RunTime:0.073833s ]
[ 2018-07-30T14:39:20+08:00 ][ sql ] [ SQL ] SHOW TABLE STATUS LIKE 'crm_customer_downpayment' [ RunTime:0.072974s ]
[ 2018-07-30T14:39:20+08:00 ][ sql ] [ SQL ] SHOW TABLE STATUS LIKE 'plan_acar' [ RunTime:0.073201s ]
[ 2018-07-30T14:39:20+08:00 ][ sql ] [ SQL ] SHOW TABLE STATUS LIKE 'crm_plan_acar' [ RunTime:0.072661s ]
[ 2018-07-30T14:39:20+08:00 ][ sql ] [ SQL ] SHOW TABLE STATUS LIKE 'sales_order' [ RunTime:0.073304s ]
[ 2018-07-30T14:39:20+08:00 ][ sql ] [ SQL ] SHOW TABLE STATUS LIKE 'crm_sales_order' [ RunTime:0.073703s ]
[ 2018-07-30T14:39:20+08:00 ][ sql ] [ SQL ] SELECT * FROM `information_schema`.`columns` WHERE TABLE_SCHEMA = 'crm' AND table_name = 'crm_customer_downpayment' ORDER BY ORDINAL_POSITION [ RunTime:0.073995s ]
[ 2018-07-30T14:39:20+08:00 ][ sql ] [ SQL ] SELECT * FROM `information_schema`.`columns` WHERE TABLE_SCHEMA = 'crm' AND table_name = 'crm_plan_acar' ORDER BY ORDINAL_POSITION [ RunTime:0.074115s ]
[ 2018-07-30T14:39:20+08:00 ][ sql ] [ SQL ] SELECT * FROM `information_schema`.`columns` WHERE TABLE_SCHEMA = 'crm' AND table_name = 'crm_sales_order' ORDER BY ORDINAL_POSITION [ RunTime:0.074490s ]
[ 2018-07-30T14:39:20+08:00 ][ info ] [ BEHAVIOR ] Run Closure @app_init [ RunTime:0.000122s ]
[ info ] [ LOG ] INIT File
[ 2018-07-30T14:39:20+08:00 ][ info ] [ CACHE ] INIT Memcache
[ 2018-07-30T14:39:20+08:00 ][ info ] [ BEHAVIOR ] Run Closure @app_init [ RunTime:0.004036s ]
[ 2018-07-30T14:39:20+08:00 ][ info ] [ DB ] INIT mysql
[ 2018-07-30T14:39:20+08:00 ][ info ] [ LANG ] D:\phpStudy\PHPTutorial\WWW\crm.aicheyide.com\application\admin\lang/zh-cn.php
[ 2018-07-30T14:39:20+08:00 ][ sql ] [ DB ] CONNECT:[ UseTime:0.115713s ] mysql:host=120.78.135.109;dbname=crm;charset=utf8
[ 2018-07-30T14:39:20+08:00 ][ sql ] [ SQL ] SHOW COLUMNS FROM `crm_auth_rule` [ RunTime:0.075359s ]
[ 2018-07-30T14:39:21+08:00 ][ sql ] [ SQL ] SELECT * FROM `crm_auth_rule` WHERE  `name` = 'backoffice' LIMIT 1 [ RunTime:0.073967s ]
[ 2018-07-30T14:39:21+08:00 ][ sql ] [ SQL ] SELECT * FROM `crm_auth_rule` WHERE  `name` = 'backoffice/depositmanage' LIMIT 1 [ RunTime:0.074608s ]
[ 2018-07-30T14:39:21+08:00 ][ sql ] [ SQL ] SELECT `id` FROM `crm_auth_rule` WHERE  `name` = 'backoffice/depositmanage/index' LIMIT 1 [ RunTime:0.074424s ]
[ 2018-07-30T14:39:21+08:00 ][ sql ] [ SQL ] SELECT `id` FROM `crm_auth_rule` WHERE  `name` = 'backoffice/depositmanage/add' LIMIT 1 [ RunTime:0.073905s ]
[ 2018-07-30T14:39:21+08:00 ][ sql ] [ SQL ] SELECT `id` FROM `crm_auth_rule` WHERE  `name` = 'backoffice/depositmanage/edit' LIMIT 1 [ RunTime:0.073886s ]
[ 2018-07-30T14:39:21+08:00 ][ sql ] [ SQL ] SELECT `id` FROM `crm_auth_rule` WHERE  `name` = 'backoffice/depositmanage/del' LIMIT 1 [ RunTime:0.073914s ]
[ 2018-07-30T14:39:21+08:00 ][ sql ] [ SQL ] SELECT `id` FROM `crm_auth_rule` WHERE  `name` = 'backoffice/depositmanage/multi' LIMIT 1 [ RunTime:0.074722s ]
[ 2018-07-30T14:39:21+08:00 ][ sql ] [ SQL ] UPDATE `crm_auth_rule`  SET `pid`=329,`name`='backoffice/depositmanage/index',`icon`='fa fa-circle-o',`title`='查看',`ismenu`=0,`status`='normal',`updatetime`=1532932761  WHERE  `id` = 424 [ RunTime:0.074792s ]
[ 2018-07-30T14:39:21+08:00 ][ sql ] [ SQL ] UPDATE `crm_auth_rule`  SET `pid`=329,`name`='backoffice/depositmanage/add',`icon`='fa fa-circle-o',`title`='添加',`ismenu`=0,`status`='normal',`updatetime`=1532932761  WHERE  `id` = 425 [ RunTime:0.036955s ]
[ 2018-07-30T14:39:21+08:00 ][ sql ] [ SQL ] UPDATE `crm_auth_rule`  SET `pid`=329,`name`='backoffice/depositmanage/edit',`icon`='fa fa-circle-o',`title`='编辑',`ismenu`=0,`status`='normal',`updatetime`=1532932761  WHERE  `id` = 426 [ RunTime:0.036788s ]
[ 2018-07-30T14:39:21+08:00 ][ sql ] [ SQL ] UPDATE `crm_auth_rule`  SET `pid`=329,`name`='backoffice/depositmanage/del',`icon`='fa fa-circle-o',`title`='删除',`ismenu`=0,`status`='normal',`updatetime`=1532932761  WHERE  `id` = 427 [ RunTime:0.036923s ]
[ 2018-07-30T14:39:21+08:00 ][ sql ] [ SQL ] UPDATE `crm_auth_rule`  SET `pid`=329,`name`='backoffice/depositmanage/multi',`icon`='fa fa-circle-o',`title`='批量更新',`ismenu`=0,`status`='normal',`updatetime`=1532932761  WHERE  `id` = 428 [ RunTime:0.036883s ]
[ 2018-07-30T14:45:31+08:00 ][ info ] [ BEHAVIOR ] Run Closure @app_init [ RunTime:0.000131s ]
[ info ] [ LOG ] INIT File
[ 2018-07-30T14:45:31+08:00 ][ info ] [ CACHE ] INIT Memcache
[ 2018-07-30T14:45:31+08:00 ][ info ] [ BEHAVIOR ] Run Closure @app_init [ RunTime:0.004427s ]
[ 2018-07-30T14:45:31+08:00 ][ info ] [ DB ] INIT mysql
[ 2018-07-30T14:45:31+08:00 ][ sql ] [ DB ] CONNECT:[ UseTime:0.132008s ] mysql:host=120.78.135.109;dbname=crm;charset=utf8
[ 2018-07-30T14:45:32+08:00 ][ sql ] [ SQL ] SHOW TABLE STATUS LIKE 'customer_downpayment' [ RunTime:0.087166s ]
[ 2018-07-30T14:45:32+08:00 ][ sql ] [ SQL ] SHOW TABLE STATUS LIKE 'crm_customer_downpayment' [ RunTime:0.086652s ]
[ 2018-07-30T14:45:32+08:00 ][ sql ] [ SQL ] SELECT * FROM `information_schema`.`columns` WHERE TABLE_SCHEMA = 'crm' AND table_name = 'crm_customer_downpayment' ORDER BY ORDINAL_POSITION [ RunTime:0.087211s ]
[ 2018-07-30T14:45:32+08:00 ][ info ] [ BEHAVIOR ] Run Closure @app_init [ RunTime:0.000120s ]
[ info ] [ LOG ] INIT File
[ 2018-07-30T14:45:32+08:00 ][ info ] [ CACHE ] INIT Memcache
[ 2018-07-30T14:45:32+08:00 ][ info ] [ BEHAVIOR ] Run Closure @app_init [ RunTime:0.004118s ]
[ 2018-07-30T14:45:32+08:00 ][ info ] [ DB ] INIT mysql
[ 2018-07-30T14:45:32+08:00 ][ info ] [ LANG ] D:\phpStudy\PHPTutorial\WWW\crm.aicheyide.com\application\admin\lang/zh-cn.php
[ 2018-07-30T14:45:32+08:00 ][ sql ] [ DB ] CONNECT:[ UseTime:0.115255s ] mysql:host=120.78.135.109;dbname=crm;charset=utf8
[ 2018-07-30T14:45:32+08:00 ][ sql ] [ SQL ] SHOW COLUMNS FROM `crm_auth_rule` [ RunTime:0.076271s ]
[ 2018-07-30T14:45:32+08:00 ][ sql ] [ SQL ] SELECT * FROM `crm_auth_rule` WHERE  `name` = 'backoffice' LIMIT 1 [ RunTime:0.075177s ]
[ 2018-07-30T14:45:32+08:00 ][ sql ] [ SQL ] SELECT * FROM `crm_auth_rule` WHERE  `name` = 'backoffice/depositmanage' LIMIT 1 [ RunTime:0.076079s ]
[ 2018-07-30T14:45:32+08:00 ][ sql ] [ SQL ] SELECT `id` FROM `crm_auth_rule` WHERE  `name` = 'backoffice/depositmanage/index' LIMIT 1 [ RunTime:0.074670s ]
[ 2018-07-30T14:45:32+08:00 ][ sql ] [ SQL ] SELECT `id` FROM `crm_auth_rule` WHERE  `name` = 'backoffice/depositmanage/add' LIMIT 1 [ RunTime:0.075543s ]
[ 2018-07-30T14:45:32+08:00 ][ sql ] [ SQL ] SELECT `id` FROM `crm_auth_rule` WHERE  `name` = 'backoffice/depositmanage/edit' LIMIT 1 [ RunTime:0.075568s ]
[ 2018-07-30T14:45:32+08:00 ][ sql ] [ SQL ] SELECT `id` FROM `crm_auth_rule` WHERE  `name` = 'backoffice/depositmanage/del' LIMIT 1 [ RunTime:0.076501s ]
[ 2018-07-30T14:45:33+08:00 ][ sql ] [ SQL ] SELECT `id` FROM `crm_auth_rule` WHERE  `name` = 'backoffice/depositmanage/multi' LIMIT 1 [ RunTime:0.075399s ]
[ 2018-07-30T14:45:33+08:00 ][ sql ] [ SQL ] UPDATE `crm_auth_rule`  SET `pid`=329,`name`='backoffice/depositmanage/index',`icon`='fa fa-circle-o',`title`='查看',`ismenu`=0,`status`='normal',`updatetime`=1532933133  WHERE  `id` = 424 [ RunTime:0.074962s ]
[ 2018-07-30T14:45:33+08:00 ][ sql ] [ SQL ] UPDATE `crm_auth_rule`  SET `pid`=329,`name`='backoffice/depositmanage/add',`icon`='fa fa-circle-o',`title`='添加',`ismenu`=0,`status`='normal',`updatetime`=1532933133  WHERE  `id` = 425 [ RunTime:0.038100s ]
[ 2018-07-30T14:45:33+08:00 ][ sql ] [ SQL ] UPDATE `crm_auth_rule`  SET `pid`=329,`name`='backoffice/depositmanage/edit',`icon`='fa fa-circle-o',`title`='编辑',`ismenu`=0,`status`='normal',`updatetime`=1532933133  WHERE  `id` = 426 [ RunTime:0.037721s ]
[ 2018-07-30T14:45:33+08:00 ][ sql ] [ SQL ] UPDATE `crm_auth_rule`  SET `pid`=329,`name`='backoffice/depositmanage/del',`icon`='fa fa-circle-o',`title`='删除',`ismenu`=0,`status`='normal',`updatetime`=1532933133  WHERE  `id` = 427 [ RunTime:0.038089s ]
[ 2018-07-30T14:45:33+08:00 ][ sql ] [ SQL ] UPDATE `crm_auth_rule`  SET `pid`=329,`name`='backoffice/depositmanage/multi',`icon`='fa fa-circle-o',`title`='批量更新',`ismenu`=0,`status`='normal',`updatetime`=1532933133  WHERE  `id` = 428 [ RunTime:0.037996s ]
